{"D:\\Sistemas\\SGI_NIZAMOTORS\\src\\App.jsx": {"path":"D:\\Sistemas\\SGI_NIZAMOTORS\\src\\App.jsx","statementMap":{"0":{"start":{"line":17,"column":2},"end":{"line":28,"column":null}},"1":{"start":{"line":36,"column":2},"end":{"line":48,"column":null}},"2":{"start":{"line":38,"column":4},"end":{"line":38,"column":null}},"3":{"start":{"line":41,"column":10},"end":{"line":43,"column":null}},"4":{"start":{"line":42,"column":6},"end":{"line":42,"column":null}},"5":{"start":{"line":43,"column":6},"end":{"line":43,"column":null}},"6":{"start":{"line":46,"column":4},"end":{"line":46,"column":null}},"7":{"start":{"line":47,"column":4},"end":{"line":47,"column":null}},"8":{"start":{"line":47,"column":17},"end":{"line":47,"column":67}},"9":{"start":{"line":50,"column":2},"end":{"line":50,"column":null}},"10":{"start":{"line":54,"column":10},"end":{"line":54,"column":34}},"11":{"start":{"line":55,"column":10},"end":{"line":55,"column":37}},"12":{"start":{"line":58,"column":8},"end":{"line":71,"column":null}},"13":{"start":{"line":59,"column":16},"end":{"line":59,"column":null}},"14":{"start":{"line":60,"column":24},"end":{"line":60,"column":null}},"15":{"start":{"line":64,"column":4},"end":{"line":66,"column":null}},"16":{"start":{"line":65,"column":24},"end":{"line":65,"column":null}},"17":{"start":{"line":66,"column":6},"end":{"line":66,"column":null}},"18":{"start":{"line":70,"column":31},"end":{"line":70,"column":null}},"19":{"start":{"line":71,"column":4},"end":{"line":71,"column":null}},"20":{"start":{"line":74,"column":2},"end":{"line":75,"column":null}},"21":{"start":{"line":75,"column":4},"end":{"line":75,"column":null}},"22":{"start":{"line":78,"column":2},"end":{"line":83,"column":null}},"23":{"start":{"line":91,"column":2},"end":{"line":99,"column":null}}},"fnMap":{"0":{"name":"PageLoadingFallback","decl":{"start":{"line":16,"column":9},"end":{"line":16,"column":31}},"loc":{"start":{"line":16,"column":31},"end":{"line":28,"column":null}},"line":16},"1":{"name":"LogSyncManager","decl":{"start":{"line":35,"column":9},"end":{"line":35,"column":26}},"loc":{"start":{"line":35,"column":26},"end":{"line":50,"column":null}},"line":35},"2":{"name":"(anonymous_2)","decl":{"start":{"line":36,"column":2},"end":{"line":36,"column":18}},"loc":{"start":{"line":36,"column":18},"end":{"line":48,"column":7}},"line":36},"3":{"name":"(anonymous_3)","decl":{"start":{"line":41,"column":10},"end":{"line":41,"column":31}},"loc":{"start":{"line":41,"column":31},"end":{"line":43,"column":null}},"line":41},"4":{"name":"(anonymous_4)","decl":{"start":{"line":47,"column":4},"end":{"line":47,"column":17}},"loc":{"start":{"line":47,"column":17},"end":{"line":47,"column":67}},"line":47},"5":{"name":"AppContent","decl":{"start":{"line":53,"column":9},"end":{"line":53,"column":22}},"loc":{"start":{"line":53,"column":22},"end":{"line":83,"column":null}},"line":53},"6":{"name":"(anonymous_6)","decl":{"start":{"line":58,"column":8},"end":{"line":58,"column":27}},"loc":{"start":{"line":58,"column":27},"end":{"line":71,"column":null}},"line":58},"7":{"name":"App","decl":{"start":{"line":90,"column":24},"end":{"line":90,"column":30}},"loc":{"start":{"line":90,"column":30},"end":{"line":99,"column":null}},"line":90}},"branchMap":{"0":{"loc":{"start":{"line":59,"column":16},"end":{"line":59,"column":null}},"type":"binary-expr","locations":[{"start":{"line":59,"column":16},"end":{"line":59,"column":49}},{"start":{"line":59,"column":53},"end":{"line":59,"column":null}}],"line":59},"1":{"loc":{"start":{"line":64,"column":4},"end":{"line":66,"column":null}},"type":"if","locations":[{"start":{"line":64,"column":4},"end":{"line":66,"column":null}},{"start":{},"end":{}}],"line":64},"2":{"loc":{"start":{"line":64,"column":8},"end":{"line":64,"column":54}},"type":"binary-expr","locations":[{"start":{"line":64,"column":8},"end":{"line":64,"column":23}},{"start":{"line":64,"column":23},"end":{"line":64,"column":54}}],"line":64},"3":{"loc":{"start":{"line":74,"column":2},"end":{"line":75,"column":null}},"type":"if","locations":[{"start":{"line":74,"column":2},"end":{"line":75,"column":null}},{"start":{},"end":{}}],"line":74}},"s":{"0":1,"1":2,"2":2,"3":2,"4":0,"5":0,"6":2,"7":2,"8":2,"9":2,"10":2,"11":2,"12":2,"13":1,"14":1,"15":1,"16":1,"17":1,"18":0,"19":0,"20":2,"21":1,"22":1,"23":2},"f":{"0":1,"1":2,"2":2,"3":0,"4":2,"5":2,"6":1,"7":2},"b":{"0":[1,0],"1":[1,0],"2":[1,1],"3":[1,1]},"meta":{"lastBranch":4,"lastFunction":8,"lastStatement":24,"seen":{"f:16:9:16:31":0,"s:17:2:28:Infinity":0,"f:35:9:35:26":1,"s:36:2:48:Infinity":1,"f:36:2:36:18":2,"s:38:4:38:Infinity":2,"s:41:10:43:Infinity":3,"f:41:10:41:31":3,"s:42:6:42:Infinity":4,"s:43:6:43:Infinity":5,"s:46:4:46:Infinity":6,"s:47:4:47:Infinity":7,"f:47:4:47:17":4,"s:47:17:47:67":8,"s:50:2:50:Infinity":9,"f:53:9:53:22":5,"s:54:10:54:34":10,"s:55:10:55:37":11,"s:58:8:71:Infinity":12,"f:58:8:58:27":6,"s:59:16:59:Infinity":13,"b:59:16:59:49:59:53:59:Infinity":0,"s:60:24:60:Infinity":14,"b:64:4:66:Infinity:undefined:undefined:undefined:undefined":1,"s:64:4:66:Infinity":15,"b:64:8:64:23:64:23:64:54":2,"s:65:24:65:Infinity":16,"s:66:6:66:Infinity":17,"s:70:31:70:Infinity":18,"s:71:4:71:Infinity":19,"b:74:2:75:Infinity:undefined:undefined:undefined:undefined":3,"s:74:2:75:Infinity":20,"s:75:4:75:Infinity":21,"s:78:2:83:Infinity":22,"f:90:24:90:30":7,"s:91:2:99:Infinity":23},"fnNames":{}}}
,"D:\\Sistemas\\SGI_NIZAMOTORS\\src\\components\\BrandFormModal.jsx": {"path":"D:\\Sistemas\\SGI_NIZAMOTORS\\src\\components\\BrandFormModal.jsx","statementMap":{"0":{"start":{"line":7,"column":37},"end":{"line":7,"column":62}},"1":{"start":{"line":8,"column":10},"end":{"line":8,"column":32}},"2":{"start":{"line":9,"column":15},"end":{"line":9,"column":50}},"3":{"start":{"line":11,"column":2},"end":{"line":17,"column":null}},"4":{"start":{"line":12,"column":4},"end":{"line":15,"column":null}},"5":{"start":{"line":13,"column":6},"end":{"line":13,"column":null}},"6":{"start":{"line":15,"column":6},"end":{"line":15,"column":null}},"7":{"start":{"line":19,"column":8},"end":{"line":21,"column":null}},"8":{"start":{"line":20,"column":20},"end":{"line":20,"column":43}},"9":{"start":{"line":21,"column":4},"end":{"line":21,"column":null}},"10":{"start":{"line":24,"column":8},"end":{"line":41,"column":null}},"11":{"start":{"line":25,"column":4},"end":{"line":41,"column":null}},"12":{"start":{"line":26,"column":6},"end":{"line":39,"column":null}},"13":{"start":{"line":36,"column":8},"end":{"line":37,"column":null}},"14":{"start":{"line":37,"column":10},"end":{"line":37,"column":null}},"15":{"start":{"line":41,"column":6},"end":{"line":41,"column":null}},"16":{"start":{"line":45,"column":2},"end":{"line":45,"column":null}},"17":{"start":{"line":45,"column":16},"end":{"line":45,"column":null}},"18":{"start":{"line":48,"column":4},"end":{"line":48,"column":null}},"19":{"start":{"line":48,"column":23},"end":{"line":48,"column":83}},"20":{"start":{"line":52,"column":4},"end":{"line":52,"column":null}},"21":{"start":{"line":56,"column":4},"end":{"line":56,"column":null}},"22":{"start":{"line":57,"column":4},"end":{"line":59,"column":null}},"23":{"start":{"line":58,"column":6},"end":{"line":58,"column":null}},"24":{"start":{"line":59,"column":6},"end":{"line":59,"column":null}},"25":{"start":{"line":62,"column":30},"end":{"line":62,"column":58}},"26":{"start":{"line":64,"column":27},"end":{"line":65,"column":null}},"27":{"start":{"line":65,"column":13},"end":{"line":65,"column":null}},"28":{"start":{"line":68,"column":4},"end":{"line":74,"column":null}},"29":{"start":{"line":69,"column":6},"end":{"line":73,"column":null}},"30":{"start":{"line":74,"column":6},"end":{"line":74,"column":null}},"31":{"start":{"line":77,"column":4},"end":{"line":80,"column":null}},"32":{"start":{"line":78,"column":6},"end":{"line":78,"column":null}},"33":{"start":{"line":80,"column":6},"end":{"line":80,"column":null}},"34":{"start":{"line":82,"column":4},"end":{"line":82,"column":null}},"35":{"start":{"line":85,"column":2},"end":{"line":137,"column":null}},"36":{"start":{"line":86,"column":51},"end":{"line":86,"column":97}}},"fnMap":{"0":{"name":"BrandFormModal","decl":{"start":{"line":6,"column":24},"end":{"line":6,"column":39}},"loc":{"start":{"line":6,"column":69},"end":{"line":137,"column":null}},"line":6},"1":{"name":"(anonymous_1)","decl":{"start":{"line":11,"column":2},"end":{"line":11,"column":18}},"loc":{"start":{"line":11,"column":18},"end":{"line":17,"column":6}},"line":11},"2":{"name":"(anonymous_2)","decl":{"start":{"line":19,"column":8},"end":{"line":19,"column":24}},"loc":{"start":{"line":19,"column":24},"end":{"line":21,"column":null}},"line":19},"3":{"name":"(anonymous_3)","decl":{"start":{"line":24,"column":8},"end":{"line":24,"column":29}},"loc":{"start":{"line":24,"column":29},"end":{"line":41,"column":null}},"line":24},"4":{"name":"(anonymous_4)","decl":{"start":{"line":35,"column":9},"end":{"line":35,"column":15}},"loc":{"start":{"line":35,"column":26},"end":{"line":39,"column":null}},"line":35},"5":{"name":"handleChange","decl":{"start":{"line":47,"column":11},"end":{"line":47,"column":24}},"loc":{"start":{"line":47,"column":27},"end":{"line":48,"column":null}},"line":47},"6":{"name":"(anonymous_6)","decl":{"start":{"line":48,"column":4},"end":{"line":48,"column":13}},"loc":{"start":{"line":48,"column":23},"end":{"line":48,"column":83}},"line":48},"7":{"name":"normalizarTexto","decl":{"start":{"line":51,"column":11},"end":{"line":51,"column":27}},"loc":{"start":{"line":51,"column":34},"end":{"line":52,"column":null}},"line":51},"8":{"name":"handleSubmit","decl":{"start":{"line":55,"column":11},"end":{"line":55,"column":24}},"loc":{"start":{"line":55,"column":27},"end":{"line":82,"column":null}},"line":55},"9":{"name":"(anonymous_9)","decl":{"start":{"line":64,"column":34},"end":{"line":64,"column":null}},"loc":{"start":{"line":65,"column":13},"end":{"line":65,"column":null}},"line":65},"10":{"name":"(anonymous_10)","decl":{"start":{"line":86,"column":35},"end":{"line":86,"column":45}},"loc":{"start":{"line":86,"column":51},"end":{"line":86,"column":97}},"line":86}},"branchMap":{"0":{"loc":{"start":{"line":12,"column":4},"end":{"line":15,"column":null}},"type":"if","locations":[{"start":{"line":12,"column":4},"end":{"line":15,"column":null}},{"start":{"line":14,"column":11},"end":{"line":15,"column":null}}],"line":12},"1":{"loc":{"start":{"line":20,"column":20},"end":{"line":20,"column":43}},"type":"binary-expr","locations":[{"start":{"line":20,"column":20},"end":{"line":20,"column":29}},{"start":{"line":20,"column":29},"end":{"line":20,"column":43}}],"line":20},"2":{"loc":{"start":{"line":21,"column":12},"end":{"line":21,"column":36}},"type":"binary-expr","locations":[{"start":{"line":21,"column":12},"end":{"line":21,"column":27}},{"start":{"line":21,"column":27},"end":{"line":21,"column":36}}],"line":21},"3":{"loc":{"start":{"line":21,"column":36},"end":{"line":21,"column":null}},"type":"binary-expr","locations":[{"start":{"line":21,"column":36},"end":{"line":21,"column":54}},{"start":{"line":21,"column":54},"end":{"line":21,"column":null}}],"line":21},"4":{"loc":{"start":{"line":25,"column":4},"end":{"line":41,"column":null}},"type":"if","locations":[{"start":{"line":25,"column":4},"end":{"line":41,"column":null}},{"start":{"line":40,"column":11},"end":{"line":41,"column":null}}],"line":25},"5":{"loc":{"start":{"line":36,"column":8},"end":{"line":37,"column":null}},"type":"if","locations":[{"start":{"line":36,"column":8},"end":{"line":37,"column":null}},{"start":{},"end":{}}],"line":36},"6":{"loc":{"start":{"line":45,"column":2},"end":{"line":45,"column":null}},"type":"if","locations":[{"start":{"line":45,"column":2},"end":{"line":45,"column":null}},{"start":{},"end":{}}],"line":45},"7":{"loc":{"start":{"line":57,"column":4},"end":{"line":59,"column":null}},"type":"if","locations":[{"start":{"line":57,"column":4},"end":{"line":59,"column":null}},{"start":{},"end":{}}],"line":57},"8":{"loc":{"start":{"line":65,"column":13},"end":{"line":65,"column":null}},"type":"binary-expr","locations":[{"start":{"line":65,"column":13},"end":{"line":65,"column":64}},{"start":{"line":65,"column":64},"end":{"line":65,"column":null}}],"line":65},"9":{"loc":{"start":{"line":68,"column":4},"end":{"line":74,"column":null}},"type":"if","locations":[{"start":{"line":68,"column":4},"end":{"line":74,"column":null}},{"start":{},"end":{}}],"line":68},"10":{"loc":{"start":{"line":77,"column":4},"end":{"line":80,"column":null}},"type":"if","locations":[{"start":{"line":77,"column":4},"end":{"line":80,"column":null}},{"start":{"line":79,"column":11},"end":{"line":80,"column":null}}],"line":77},"11":{"loc":{"start":{"line":86,"column":51},"end":{"line":86,"column":97}},"type":"binary-expr","locations":[{"start":{"line":86,"column":51},"end":{"line":86,"column":83}},{"start":{"line":86,"column":83},"end":{"line":86,"column":97}}],"line":86},"12":{"loc":{"start":{"line":98,"column":15},"end":{"line":98,"column":79}},"type":"cond-expr","locations":[{"start":{"line":98,"column":23},"end":{"line":98,"column":50}},{"start":{"line":98,"column":53},"end":{"line":98,"column":79}}],"line":98},"13":{"loc":{"start":{"line":101,"column":15},"end":{"line":101,"column":null}},"type":"cond-expr","locations":[{"start":{"line":101,"column":23},"end":{"line":101,"column":55}},{"start":{"line":101,"column":58},"end":{"line":101,"column":null}}],"line":101},"14":{"loc":{"start":{"line":132,"column":15},"end":{"line":132,"column":null}},"type":"cond-expr","locations":[{"start":{"line":132,"column":23},"end":{"line":132,"column":46}},{"start":{"line":132,"column":49},"end":{"line":132,"column":null}}],"line":132}},"s":{"0":15,"1":15,"2":15,"3":15,"4":5,"5":2,"6":3,"7":15,"8":1,"9":1,"10":15,"11":1,"12":0,"13":0,"14":0,"15":1,"16":15,"17":5,"18":2,"19":2,"20":6,"21":4,"22":4,"23":1,"24":1,"25":3,"26":3,"27":3,"28":3,"29":1,"30":1,"31":2,"32":1,"33":1,"34":2,"35":10,"36":1},"f":{"0":15,"1":5,"2":1,"3":1,"4":0,"5":2,"6":2,"7":6,"8":4,"9":3,"10":1},"b":{"0":[2,3],"1":[1,0],"2":[1,0],"3":[1,0],"4":[0,1],"5":[0,0],"6":[5,10],"7":[1,3],"8":[3,2],"9":[1,2],"10":[1,1],"11":[1,0],"12":[4,6],"13":[4,6],"14":[4,6]},"meta":{"lastBranch":15,"lastFunction":11,"lastStatement":37,"seen":{"f:6:24:6:39":0,"s:7:37:7:62":0,"s:8:10:8:32":1,"s:9:15:9:50":2,"s:11:2:17:Infinity":3,"f:11:2:11:18":1,"b:12:4:15:Infinity:14:11:15:Infinity":0,"s:12:4:15:Infinity":4,"s:13:6:13:Infinity":5,"s:15:6:15:Infinity":6,"s:19:8:21:Infinity":7,"f:19:8:19:24":2,"s:20:20:20:43":8,"b:20:20:20:29:20:29:20:43":1,"s:21:4:21:Infinity":9,"b:21:12:21:27:21:27:21:36":2,"b:21:36:21:54:21:54:21:Infinity":3,"s:24:8:41:Infinity":10,"f:24:8:24:29":3,"b:25:4:41:Infinity:40:11:41:Infinity":4,"s:25:4:41:Infinity":11,"s:26:6:39:Infinity":12,"f:35:9:35:15":4,"b:36:8:37:Infinity:undefined:undefined:undefined:undefined":5,"s:36:8:37:Infinity":13,"s:37:10:37:Infinity":14,"s:41:6:41:Infinity":15,"b:45:2:45:Infinity:undefined:undefined:undefined:undefined":6,"s:45:2:45:Infinity":16,"s:45:16:45:Infinity":17,"f:47:11:47:24":5,"s:48:4:48:Infinity":18,"f:48:4:48:13":6,"s:48:23:48:83":19,"f:51:11:51:27":7,"s:52:4:52:Infinity":20,"f:55:11:55:24":8,"s:56:4:56:Infinity":21,"b:57:4:59:Infinity:undefined:undefined:undefined:undefined":7,"s:57:4:59:Infinity":22,"s:58:6:58:Infinity":23,"s:59:6:59:Infinity":24,"s:62:30:62:58":25,"s:64:27:65:Infinity":26,"f:64:34:64:Infinity":9,"s:65:13:65:Infinity":27,"b:65:13:65:64:65:64:65:Infinity":8,"b:68:4:74:Infinity:undefined:undefined:undefined:undefined":9,"s:68:4:74:Infinity":28,"s:69:6:73:Infinity":29,"s:74:6:74:Infinity":30,"b:77:4:80:Infinity:79:11:80:Infinity":10,"s:77:4:80:Infinity":31,"s:78:6:78:Infinity":32,"s:80:6:80:Infinity":33,"s:82:4:82:Infinity":34,"s:85:2:137:Infinity":35,"f:86:35:86:45":10,"s:86:51:86:97":36,"b:86:51:86:83:86:83:86:97":11,"b:98:23:98:50:98:53:98:79":12,"b:101:23:101:55:101:58:101:Infinity":13,"b:132:23:132:46:132:49:132:Infinity":14},"fnNames":{}}}
,"D:\\Sistemas\\SGI_NIZAMOTORS\\src\\components\\CategoriaFormModal.jsx": {"path":"D:\\Sistemas\\SGI_NIZAMOTORS\\src\\components\\CategoriaFormModal.jsx","statementMap":{"0":{"start":{"line":6,"column":45},"end":{"line":6,"column":74}},"1":{"start":{"line":7,"column":15},"end":{"line":7,"column":67}},"2":{"start":{"line":9,"column":2},"end":{"line":15,"column":null}},"3":{"start":{"line":10,"column":4},"end":{"line":13,"column":null}},"4":{"start":{"line":11,"column":6},"end":{"line":11,"column":null}},"5":{"start":{"line":13,"column":6},"end":{"line":13,"column":null}},"6":{"start":{"line":17,"column":8},"end":{"line":19,"column":null}},"7":{"start":{"line":18,"column":20},"end":{"line":18,"column":null}},"8":{"start":{"line":19,"column":4},"end":{"line":19,"column":null}},"9":{"start":{"line":22,"column":8},"end":{"line":39,"column":null}},"10":{"start":{"line":23,"column":4},"end":{"line":39,"column":null}},"11":{"start":{"line":24,"column":6},"end":{"line":37,"column":null}},"12":{"start":{"line":34,"column":8},"end":{"line":35,"column":null}},"13":{"start":{"line":35,"column":10},"end":{"line":35,"column":null}},"14":{"start":{"line":39,"column":6},"end":{"line":39,"column":null}},"15":{"start":{"line":43,"column":2},"end":{"line":43,"column":null}},"16":{"start":{"line":43,"column":16},"end":{"line":43,"column":null}},"17":{"start":{"line":46,"column":28},"end":{"line":46,"column":null}},"18":{"start":{"line":47,"column":4},"end":{"line":50,"column":null}},"19":{"start":{"line":47,"column":23},"end":{"line":50,"column":7}},"20":{"start":{"line":54,"column":4},"end":{"line":54,"column":null}},"21":{"start":{"line":58,"column":4},"end":{"line":58,"column":null}},"22":{"start":{"line":59,"column":4},"end":{"line":61,"column":null}},"23":{"start":{"line":60,"column":6},"end":{"line":60,"column":null}},"24":{"start":{"line":61,"column":6},"end":{"line":61,"column":null}},"25":{"start":{"line":64,"column":30},"end":{"line":64,"column":58}},"26":{"start":{"line":66,"column":31},"end":{"line":67,"column":null}},"27":{"start":{"line":67,"column":13},"end":{"line":67,"column":null}},"28":{"start":{"line":70,"column":4},"end":{"line":76,"column":null}},"29":{"start":{"line":71,"column":6},"end":{"line":75,"column":null}},"30":{"start":{"line":76,"column":6},"end":{"line":76,"column":null}},"31":{"start":{"line":79,"column":4},"end":{"line":82,"column":null}},"32":{"start":{"line":80,"column":6},"end":{"line":80,"column":null}},"33":{"start":{"line":82,"column":6},"end":{"line":82,"column":null}},"34":{"start":{"line":84,"column":4},"end":{"line":84,"column":null}},"35":{"start":{"line":87,"column":2},"end":{"line":156,"column":null}},"36":{"start":{"line":88,"column":51},"end":{"line":88,"column":97}}},"fnMap":{"0":{"name":"CategoriaFormModal","decl":{"start":{"line":5,"column":24},"end":{"line":5,"column":43}},"loc":{"start":{"line":5,"column":77},"end":{"line":156,"column":null}},"line":5},"1":{"name":"(anonymous_1)","decl":{"start":{"line":9,"column":2},"end":{"line":9,"column":18}},"loc":{"start":{"line":9,"column":18},"end":{"line":15,"column":6}},"line":9},"2":{"name":"(anonymous_2)","decl":{"start":{"line":17,"column":8},"end":{"line":17,"column":24}},"loc":{"start":{"line":17,"column":24},"end":{"line":19,"column":null}},"line":17},"3":{"name":"(anonymous_3)","decl":{"start":{"line":22,"column":8},"end":{"line":22,"column":29}},"loc":{"start":{"line":22,"column":29},"end":{"line":39,"column":null}},"line":22},"4":{"name":"(anonymous_4)","decl":{"start":{"line":33,"column":9},"end":{"line":33,"column":15}},"loc":{"start":{"line":33,"column":26},"end":{"line":37,"column":null}},"line":33},"5":{"name":"handleChange","decl":{"start":{"line":45,"column":11},"end":{"line":45,"column":24}},"loc":{"start":{"line":45,"column":27},"end":{"line":50,"column":null}},"line":45},"6":{"name":"(anonymous_6)","decl":{"start":{"line":47,"column":4},"end":{"line":47,"column":13}},"loc":{"start":{"line":47,"column":23},"end":{"line":50,"column":7}},"line":47},"7":{"name":"normalizarTexto","decl":{"start":{"line":53,"column":11},"end":{"line":53,"column":27}},"loc":{"start":{"line":53,"column":34},"end":{"line":54,"column":null}},"line":53},"8":{"name":"handleSubmit","decl":{"start":{"line":57,"column":11},"end":{"line":57,"column":24}},"loc":{"start":{"line":57,"column":27},"end":{"line":84,"column":null}},"line":57},"9":{"name":"(anonymous_9)","decl":{"start":{"line":66,"column":42},"end":{"line":66,"column":null}},"loc":{"start":{"line":67,"column":13},"end":{"line":67,"column":null}},"line":67},"10":{"name":"(anonymous_10)","decl":{"start":{"line":88,"column":35},"end":{"line":88,"column":45}},"loc":{"start":{"line":88,"column":51},"end":{"line":88,"column":97}},"line":88}},"branchMap":{"0":{"loc":{"start":{"line":10,"column":4},"end":{"line":13,"column":null}},"type":"if","locations":[{"start":{"line":10,"column":4},"end":{"line":13,"column":null}},{"start":{"line":12,"column":11},"end":{"line":13,"column":null}}],"line":10},"1":{"loc":{"start":{"line":11,"column":24},"end":{"line":11,"column":48}},"type":"binary-expr","locations":[{"start":{"line":11,"column":24},"end":{"line":11,"column":44}},{"start":{"line":11,"column":44},"end":{"line":11,"column":48}}],"line":11},"2":{"loc":{"start":{"line":11,"column":61},"end":{"line":11,"column":90}},"type":"binary-expr","locations":[{"start":{"line":11,"column":61},"end":{"line":11,"column":86}},{"start":{"line":11,"column":86},"end":{"line":11,"column":90}}],"line":11},"3":{"loc":{"start":{"line":18,"column":20},"end":{"line":18,"column":null}},"type":"binary-expr","locations":[{"start":{"line":18,"column":20},"end":{"line":18,"column":33}},{"start":{"line":18,"column":33},"end":{"line":18,"column":null}}],"line":18},"4":{"loc":{"start":{"line":19,"column":4},"end":{"line":19,"column":null}},"type":"binary-expr","locations":[{"start":{"line":19,"column":4},"end":{"line":19,"column":62}},{"start":{"line":19,"column":54},"end":{"line":19,"column":null}}],"line":19},"5":{"loc":{"start":{"line":19,"column":12},"end":{"line":19,"column":36}},"type":"binary-expr","locations":[{"start":{"line":19,"column":12},"end":{"line":19,"column":27}},{"start":{"line":19,"column":27},"end":{"line":19,"column":36}}],"line":19},"6":{"loc":{"start":{"line":19,"column":36},"end":{"line":19,"column":62}},"type":"binary-expr","locations":[{"start":{"line":19,"column":36},"end":{"line":19,"column":54}},{"start":{"line":19,"column":54},"end":{"line":19,"column":62}}],"line":19},"7":{"loc":{"start":{"line":19,"column":62},"end":{"line":19,"column":91}},"type":"binary-expr","locations":[{"start":{"line":19,"column":62},"end":{"line":19,"column":82}},{"start":{"line":19,"column":82},"end":{"line":19,"column":91}}],"line":19},"8":{"loc":{"start":{"line":19,"column":91},"end":{"line":19,"column":null}},"type":"binary-expr","locations":[{"start":{"line":19,"column":91},"end":{"line":19,"column":114}},{"start":{"line":19,"column":114},"end":{"line":19,"column":null}}],"line":19},"9":{"loc":{"start":{"line":23,"column":4},"end":{"line":39,"column":null}},"type":"if","locations":[{"start":{"line":23,"column":4},"end":{"line":39,"column":null}},{"start":{"line":38,"column":11},"end":{"line":39,"column":null}}],"line":23},"10":{"loc":{"start":{"line":34,"column":8},"end":{"line":35,"column":null}},"type":"if","locations":[{"start":{"line":34,"column":8},"end":{"line":35,"column":null}},{"start":{},"end":{}}],"line":34},"11":{"loc":{"start":{"line":43,"column":2},"end":{"line":43,"column":null}},"type":"if","locations":[{"start":{"line":43,"column":2},"end":{"line":43,"column":null}},{"start":{},"end":{}}],"line":43},"12":{"loc":{"start":{"line":49,"column":14},"end":{"line":49,"column":null}},"type":"cond-expr","locations":[{"start":{"line":49,"column":34},"end":{"line":49,"column":53}},{"start":{"line":49,"column":56},"end":{"line":49,"column":null}}],"line":49},"13":{"loc":{"start":{"line":59,"column":4},"end":{"line":61,"column":null}},"type":"if","locations":[{"start":{"line":59,"column":4},"end":{"line":61,"column":null}},{"start":{},"end":{}}],"line":59},"14":{"loc":{"start":{"line":67,"column":13},"end":{"line":67,"column":null}},"type":"binary-expr","locations":[{"start":{"line":67,"column":13},"end":{"line":67,"column":64}},{"start":{"line":67,"column":64},"end":{"line":67,"column":null}}],"line":67},"15":{"loc":{"start":{"line":70,"column":4},"end":{"line":76,"column":null}},"type":"if","locations":[{"start":{"line":70,"column":4},"end":{"line":76,"column":null}},{"start":{},"end":{}}],"line":70},"16":{"loc":{"start":{"line":79,"column":4},"end":{"line":82,"column":null}},"type":"if","locations":[{"start":{"line":79,"column":4},"end":{"line":82,"column":null}},{"start":{"line":81,"column":11},"end":{"line":82,"column":null}}],"line":79},"17":{"loc":{"start":{"line":88,"column":51},"end":{"line":88,"column":97}},"type":"binary-expr","locations":[{"start":{"line":88,"column":51},"end":{"line":88,"column":83}},{"start":{"line":88,"column":83},"end":{"line":88,"column":97}}],"line":88},"18":{"loc":{"start":{"line":100,"column":15},"end":{"line":100,"column":null}},"type":"cond-expr","locations":[{"start":{"line":100,"column":27},"end":{"line":100,"column":48}},{"start":{"line":100,"column":48},"end":{"line":100,"column":null}}],"line":100},"19":{"loc":{"start":{"line":103,"column":15},"end":{"line":103,"column":null}},"type":"cond-expr","locations":[{"start":{"line":103,"column":27},"end":{"line":103,"column":66}},{"start":{"line":103,"column":66},"end":{"line":103,"column":null}}],"line":103},"20":{"loc":{"start":{"line":151,"column":15},"end":{"line":151,"column":null}},"type":"cond-expr","locations":[{"start":{"line":151,"column":27},"end":{"line":151,"column":47}},{"start":{"line":151,"column":47},"end":{"line":151,"column":null}}],"line":151}},"s":{"0":16,"1":16,"2":16,"3":5,"4":2,"5":3,"6":16,"7":0,"8":0,"9":16,"10":0,"11":0,"12":0,"13":0,"14":0,"15":16,"16":6,"17":2,"18":2,"19":2,"20":6,"21":4,"22":4,"23":1,"24":1,"25":3,"26":3,"27":3,"28":3,"29":1,"30":1,"31":2,"32":1,"33":1,"34":2,"35":10,"36":0},"f":{"0":16,"1":5,"2":0,"3":0,"4":0,"5":2,"6":2,"7":6,"8":4,"9":3,"10":0},"b":{"0":[2,3],"1":[2,0],"2":[2,1],"3":[0,0],"4":[0,0],"5":[0,0],"6":[0,0],"7":[0,0],"8":[0,0],"9":[0,0],"10":[0,0],"11":[6,10],"12":[2,0],"13":[1,3],"14":[3,2],"15":[1,2],"16":[1,1],"17":[0,0],"18":[4,6],"19":[4,6],"20":[4,6]},"meta":{"lastBranch":21,"lastFunction":11,"lastStatement":37,"seen":{"f:5:24:5:43":0,"s:6:45:6:74":0,"s:7:15:7:67":1,"s:9:2:15:Infinity":2,"f:9:2:9:18":1,"b:10:4:13:Infinity:12:11:13:Infinity":0,"s:10:4:13:Infinity":3,"s:11:6:11:Infinity":4,"b:11:24:11:44:11:44:11:48":1,"b:11:61:11:86:11:86:11:90":2,"s:13:6:13:Infinity":5,"s:17:8:19:Infinity":6,"f:17:8:17:24":2,"s:18:20:18:Infinity":7,"b:18:20:18:33:18:33:18:Infinity":3,"s:19:4:19:Infinity":8,"b:19:4:19:62:19:54:19:Infinity":4,"b:19:12:19:27:19:27:19:36":5,"b:19:36:19:54:19:54:19:62":6,"b:19:62:19:82:19:82:19:91":7,"b:19:91:19:114:19:114:19:Infinity":8,"s:22:8:39:Infinity":9,"f:22:8:22:29":3,"b:23:4:39:Infinity:38:11:39:Infinity":9,"s:23:4:39:Infinity":10,"s:24:6:37:Infinity":11,"f:33:9:33:15":4,"b:34:8:35:Infinity:undefined:undefined:undefined:undefined":10,"s:34:8:35:Infinity":12,"s:35:10:35:Infinity":13,"s:39:6:39:Infinity":14,"b:43:2:43:Infinity:undefined:undefined:undefined:undefined":11,"s:43:2:43:Infinity":15,"s:43:16:43:Infinity":16,"f:45:11:45:24":5,"s:46:28:46:Infinity":17,"s:47:4:50:Infinity":18,"f:47:4:47:13":6,"s:47:23:50:7":19,"b:49:34:49:53:49:56:49:Infinity":12,"f:53:11:53:27":7,"s:54:4:54:Infinity":20,"f:57:11:57:24":8,"s:58:4:58:Infinity":21,"b:59:4:61:Infinity:undefined:undefined:undefined:undefined":13,"s:59:4:61:Infinity":22,"s:60:6:60:Infinity":23,"s:61:6:61:Infinity":24,"s:64:30:64:58":25,"s:66:31:67:Infinity":26,"f:66:42:66:Infinity":9,"s:67:13:67:Infinity":27,"b:67:13:67:64:67:64:67:Infinity":14,"b:70:4:76:Infinity:undefined:undefined:undefined:undefined":15,"s:70:4:76:Infinity":28,"s:71:6:75:Infinity":29,"s:76:6:76:Infinity":30,"b:79:4:82:Infinity:81:11:82:Infinity":16,"s:79:4:82:Infinity":31,"s:80:6:80:Infinity":32,"s:82:6:82:Infinity":33,"s:84:4:84:Infinity":34,"s:87:2:156:Infinity":35,"f:88:35:88:45":10,"s:88:51:88:97":36,"b:88:51:88:83:88:83:88:97":17,"b:100:27:100:48:100:48:100:Infinity":18,"b:103:27:103:66:103:66:103:Infinity":19,"b:151:27:151:47:151:47:151:Infinity":20},"fnNames":{}}}
,"D:\\Sistemas\\SGI_NIZAMOTORS\\src\\components\\ImprimirConfirmModal.jsx": {"path":"D:\\Sistemas\\SGI_NIZAMOTORS\\src\\components\\ImprimirConfirmModal.jsx","statementMap":{"0":{"start":{"line":15,"column":2},"end":{"line":15,"column":null}},"1":{"start":{"line":15,"column":16},"end":{"line":15,"column":null}},"2":{"start":{"line":17,"column":2},"end":{"line":100,"column":null}}},"fnMap":{"0":{"name":"ImprimirConfirmModal","decl":{"start":{"line":14,"column":24},"end":{"line":14,"column":45}},"loc":{"start":{"line":14,"column":92},"end":{"line":100,"column":null}},"line":14}},"branchMap":{"0":{"loc":{"start":{"line":15,"column":2},"end":{"line":15,"column":null}},"type":"if","locations":[{"start":{"line":15,"column":2},"end":{"line":15,"column":null}},{"start":{},"end":{}}],"line":15},"1":{"loc":{"start":{"line":47,"column":11},"end":{"line":54,"column":null}},"type":"binary-expr","locations":[{"start":{"line":47,"column":11},"end":{"line":47,"column":null}},{"start":{"line":48,"column":12},"end":{"line":54,"column":null}}],"line":47}},"s":{"0":9,"1":8,"2":1},"f":{"0":9},"b":{"0":[8,1],"1":[1,1]},"meta":{"lastBranch":2,"lastFunction":1,"lastStatement":3,"seen":{"f:14:24:14:45":0,"b:15:2:15:Infinity:undefined:undefined:undefined:undefined":0,"s:15:2:15:Infinity":0,"s:15:16:15:Infinity":1,"s:17:2:100:Infinity":2,"b:47:11:47:Infinity:48:12:54:Infinity":1},"fnNames":{}}}
,"D:\\Sistemas\\SGI_NIZAMOTORS\\src\\components\\LanguageSwitcher.jsx": {"path":"D:\\Sistemas\\SGI_NIZAMOTORS\\src\\components\\LanguageSwitcher.jsx","statementMap":{"0":{"start":{"line":4,"column":16},"end":{"line":4,"column":38}},"1":{"start":{"line":6,"column":8},"end":{"line":8,"column":null}},"2":{"start":{"line":7,"column":20},"end":{"line":7,"column":null}},"3":{"start":{"line":8,"column":4},"end":{"line":8,"column":null}},"4":{"start":{"line":11,"column":15},"end":{"line":11,"column":45}},"5":{"start":{"line":13,"column":2},"end":{"line":23,"column":null}}},"fnMap":{"0":{"name":"LanguageSwitcher","decl":{"start":{"line":3,"column":24},"end":{"line":3,"column":43}},"loc":{"start":{"line":3,"column":43},"end":{"line":23,"column":null}},"line":3},"1":{"name":"(anonymous_1)","decl":{"start":{"line":6,"column":8},"end":{"line":6,"column":31}},"loc":{"start":{"line":6,"column":31},"end":{"line":8,"column":null}},"line":6}},"branchMap":{"0":{"loc":{"start":{"line":7,"column":20},"end":{"line":7,"column":null}},"type":"cond-expr","locations":[{"start":{"line":7,"column":53},"end":{"line":7,"column":60}},{"start":{"line":7,"column":60},"end":{"line":7,"column":null}}],"line":7},"1":{"loc":{"start":{"line":17,"column":45},"end":{"line":17,"column":93}},"type":"cond-expr","locations":[{"start":{"line":17,"column":52},"end":{"line":17,"column":71}},{"start":{"line":17,"column":74},"end":{"line":17,"column":93}}],"line":17},"2":{"loc":{"start":{"line":21,"column":9},"end":{"line":21,"column":null}},"type":"cond-expr","locations":[{"start":{"line":21,"column":16},"end":{"line":21,"column":23}},{"start":{"line":21,"column":23},"end":{"line":21,"column":null}}],"line":21},"3":{"loc":{"start":{"line":23,"column":56},"end":{"line":23,"column":112}},"type":"cond-expr","locations":[{"start":{"line":23,"column":63},"end":{"line":23,"column":82}},{"start":{"line":23,"column":85},"end":{"line":23,"column":112}}],"line":23}},"s":{"0":5,"1":5,"2":2,"3":2,"4":5,"5":5},"f":{"0":5,"1":2},"b":{"0":[2,0],"1":[3,2],"2":[3,2],"3":[3,2]},"meta":{"lastBranch":4,"lastFunction":2,"lastStatement":6,"seen":{"f:3:24:3:43":0,"s:4:16:4:38":0,"s:6:8:8:Infinity":1,"f:6:8:6:31":1,"s:7:20:7:Infinity":2,"b:7:53:7:60:7:60:7:Infinity":0,"s:8:4:8:Infinity":3,"s:11:15:11:45":4,"s:13:2:23:Infinity":5,"b:17:52:17:71:17:74:17:93":1,"b:21:16:21:23:21:23:21:Infinity":2,"b:23:63:23:82:23:85:23:112":3},"fnNames":{}}}
,"D:\\Sistemas\\SGI_NIZAMOTORS\\src\\components\\Layout.jsx": {"path":"D:\\Sistemas\\SGI_NIZAMOTORS\\src\\components\\Layout.jsx","statementMap":{"0":{"start":{"line":8,"column":65},"end":{"line":8,"column":87}},"1":{"start":{"line":9,"column":25},"end":{"line":9,"column":45}},"2":{"start":{"line":11,"column":10},"end":{"line":11,"column":32}},"3":{"start":{"line":13,"column":20},"end":{"line":28,"column":null}},"4":{"start":{"line":30,"column":2},"end":{"line":108,"column":null}},"5":{"start":{"line":42,"column":31},"end":{"line":42,"column":65}}},"fnMap":{"0":{"name":"Layout","decl":{"start":{"line":7,"column":24},"end":{"line":7,"column":31}},"loc":{"start":{"line":7,"column":45},"end":{"line":108,"column":null}},"line":7},"1":{"name":"(anonymous_1)","decl":{"start":{"line":42,"column":16},"end":{"line":42,"column":31}},"loc":{"start":{"line":42,"column":31},"end":{"line":42,"column":65}},"line":42}},"branchMap":{"0":{"loc":{"start":{"line":35,"column":10},"end":{"line":35,"column":null}},"type":"cond-expr","locations":[{"start":{"line":35,"column":27},"end":{"line":35,"column":40}},{"start":{"line":35,"column":40},"end":{"line":35,"column":null}}],"line":35},"1":{"loc":{"start":{"line":45,"column":23},"end":{"line":45,"column":null}},"type":"cond-expr","locations":[{"start":{"line":45,"column":40},"end":{"line":45,"column":68}},{"start":{"line":45,"column":68},"end":{"line":45,"column":null}}],"line":45},"2":{"loc":{"start":{"line":55,"column":21},"end":{"line":55,"column":null}},"type":"binary-expr","locations":[{"start":{"line":55,"column":21},"end":{"line":55,"column":48}},{"start":{"line":55,"column":48},"end":{"line":55,"column":null}}],"line":55},"3":{"loc":{"start":{"line":66,"column":28},"end":{"line":66,"column":108}},"type":"cond-expr","locations":[{"start":{"line":66,"column":46},"end":{"line":66,"column":76}},{"start":{"line":66,"column":79},"end":{"line":66,"column":108}}],"line":66},"4":{"loc":{"start":{"line":67,"column":23},"end":{"line":67,"column":89}},"type":"cond-expr","locations":[{"start":{"line":67,"column":41},"end":{"line":67,"column":64}},{"start":{"line":67,"column":67},"end":{"line":67,"column":89}}],"line":67},"5":{"loc":{"start":{"line":69,"column":17},"end":{"line":72,"column":null}},"type":"cond-expr","locations":[{"start":{"line":70,"column":18},"end":{"line":72,"column":19}},{"start":{"line":72,"column":18},"end":{"line":72,"column":null}}],"line":69},"6":{"loc":{"start":{"line":76,"column":15},"end":{"line":99,"column":null}},"type":"binary-expr","locations":[{"start":{"line":76,"column":15},"end":{"line":76,"column":null}},{"start":{"line":77,"column":16},"end":{"line":99,"column":null}}],"line":76},"7":{"loc":{"start":{"line":87,"column":24},"end":{"line":89,"column":null}},"type":"cond-expr","locations":[{"start":{"line":88,"column":28},"end":{"line":88,"column":null}},{"start":{"line":89,"column":28},"end":{"line":89,"column":null}}],"line":87}},"s":{"0":3,"1":3,"2":3,"3":3,"4":3,"5":1},"f":{"0":3,"1":1},"b":{"0":[3,0],"1":[3,0],"2":[3,0],"3":[2,1],"4":[2,1],"5":[2,1],"6":[3,3],"7":[3,0]},"meta":{"lastBranch":8,"lastFunction":2,"lastStatement":6,"seen":{"f:7:24:7:31":0,"s:8:65:8:87":0,"s:9:25:9:45":1,"s:11:10:11:32":2,"s:13:20:28:Infinity":3,"s:30:2:108:Infinity":4,"b:35:27:35:40:35:40:35:Infinity":0,"f:42:16:42:31":1,"s:42:31:42:65":5,"b:45:40:45:68:45:68:45:Infinity":1,"b:55:21:55:48:55:48:55:Infinity":2,"b:66:46:66:76:66:79:66:108":3,"b:67:41:67:64:67:67:67:89":4,"b:70:18:72:19:72:18:72:Infinity":5,"b:76:15:76:Infinity:77:16:99:Infinity":6,"b:88:28:88:Infinity:89:28:89:Infinity":7},"fnNames":{}}}
,"D:\\Sistemas\\SGI_NIZAMOTORS\\src\\components\\MovementFormModal.jsx": {"path":"D:\\Sistemas\\SGI_NIZAMOTORS\\src\\components\\MovementFormModal.jsx","statementMap":{"0":{"start":{"line":7,"column":21},"end":{"line":7,"column":59}},"1":{"start":{"line":8,"column":10},"end":{"line":8,"column":32}},"2":{"start":{"line":9,"column":15},"end":{"line":9,"column":96}},"3":{"start":{"line":10,"column":31},"end":{"line":10,"column":72}},"4":{"start":{"line":13,"column":21},"end":{"line":13,"column":50}},"5":{"start":{"line":14,"column":26},"end":{"line":14,"column":63}},"6":{"start":{"line":15,"column":8},"end":{"line":15,"column":35}},"7":{"start":{"line":17,"column":8},"end":{"line":36,"column":40}},"8":{"start":{"line":18,"column":17},"end":{"line":18,"column":48}},"9":{"start":{"line":19,"column":4},"end":{"line":35,"column":null}},"10":{"start":{"line":21,"column":8},"end":{"line":21,"column":null}},"11":{"start":{"line":21,"column":16},"end":{"line":21,"column":null}},"12":{"start":{"line":23,"column":8},"end":{"line":23,"column":null}},"13":{"start":{"line":23,"column":52},"end":{"line":23,"column":null}},"14":{"start":{"line":25,"column":8},"end":{"line":25,"column":null}},"15":{"start":{"line":25,"column":19},"end":{"line":25,"column":null}},"16":{"start":{"line":26,"column":21},"end":{"line":26,"column":null}},"17":{"start":{"line":27,"column":20},"end":{"line":27,"column":null}},"18":{"start":{"line":28,"column":20},"end":{"line":28,"column":null}},"19":{"start":{"line":29,"column":8},"end":{"line":32,"column":null}},"20":{"start":{"line":39,"column":2},"end":{"line":47,"column":null}},"21":{"start":{"line":41,"column":6},"end":{"line":42,"column":null}},"22":{"start":{"line":42,"column":8},"end":{"line":42,"column":null}},"23":{"start":{"line":45,"column":4},"end":{"line":45,"column":null}},"24":{"start":{"line":46,"column":4},"end":{"line":46,"column":null}},"25":{"start":{"line":46,"column":17},"end":{"line":46,"column":78}},"26":{"start":{"line":49,"column":2},"end":{"line":55,"column":null}},"27":{"start":{"line":50,"column":4},"end":{"line":53,"column":null}},"28":{"start":{"line":51,"column":6},"end":{"line":51,"column":null}},"29":{"start":{"line":51,"column":52},"end":{"line":51,"column":86}},"30":{"start":{"line":53,"column":6},"end":{"line":53,"column":null}},"31":{"start":{"line":57,"column":2},"end":{"line":63,"column":null}},"32":{"start":{"line":58,"column":4},"end":{"line":61,"column":null}},"33":{"start":{"line":59,"column":6},"end":{"line":59,"column":null}},"34":{"start":{"line":60,"column":6},"end":{"line":60,"column":null}},"35":{"start":{"line":61,"column":6},"end":{"line":61,"column":null}},"36":{"start":{"line":66,"column":28},"end":{"line":66,"column":null}},"37":{"start":{"line":67,"column":4},"end":{"line":75,"column":null}},"38":{"start":{"line":68,"column":23},"end":{"line":68,"column":null}},"39":{"start":{"line":70,"column":6},"end":{"line":72,"column":null}},"40":{"start":{"line":71,"column":8},"end":{"line":71,"column":null}},"41":{"start":{"line":72,"column":8},"end":{"line":72,"column":null}},"42":{"start":{"line":74,"column":6},"end":{"line":74,"column":null}},"43":{"start":{"line":79,"column":4},"end":{"line":79,"column":null}},"44":{"start":{"line":80,"column":4},"end":{"line":82,"column":null}},"45":{"start":{"line":81,"column":6},"end":{"line":81,"column":null}},"46":{"start":{"line":82,"column":6},"end":{"line":82,"column":null}},"47":{"start":{"line":84,"column":15},"end":{"line":89,"column":6}},"48":{"start":{"line":90,"column":4},"end":{"line":90,"column":null}},"49":{"start":{"line":90,"column":12},"end":{"line":90,"column":null}},"50":{"start":{"line":93,"column":20},"end":{"line":93,"column":null}},"51":{"start":{"line":95,"column":8},"end":{"line":96,"column":null}},"52":{"start":{"line":96,"column":4},"end":{"line":96,"column":null}},"53":{"start":{"line":99,"column":8},"end":{"line":116,"column":null}},"54":{"start":{"line":100,"column":4},"end":{"line":116,"column":null}},"55":{"start":{"line":101,"column":6},"end":{"line":114,"column":null}},"56":{"start":{"line":111,"column":8},"end":{"line":112,"column":null}},"57":{"start":{"line":112,"column":10},"end":{"line":112,"column":null}},"58":{"start":{"line":116,"column":6},"end":{"line":116,"column":null}},"59":{"start":{"line":120,"column":2},"end":{"line":120,"column":null}},"60":{"start":{"line":120,"column":16},"end":{"line":120,"column":null}},"61":{"start":{"line":122,"column":2},"end":{"line":249,"column":null}},"62":{"start":{"line":123,"column":51},"end":{"line":123,"column":97}},"63":{"start":{"line":184,"column":18},"end":{"line":184,"column":null}},"64":{"start":{"line":185,"column":18},"end":{"line":185,"column":null}},"65":{"start":{"line":186,"column":18},"end":{"line":187,"column":null}},"66":{"start":{"line":187,"column":20},"end":{"line":187,"column":null}},"67":{"start":{"line":187,"column":39},"end":{"line":187,"column":68}},"68":{"start":{"line":190,"column":31},"end":{"line":190,"column":55}},"69":{"start":{"line":200,"column":18},"end":{"line":217,"column":null}},"70":{"start":{"line":204,"column":24},"end":{"line":204,"column":null}},"71":{"start":{"line":204,"column":43},"end":{"line":204,"column":85}},"72":{"start":{"line":205,"column":24},"end":{"line":205,"column":null}},"73":{"start":{"line":206,"column":24},"end":{"line":206,"column":null}}},"fnMap":{"0":{"name":"MovementFormModal","decl":{"start":{"line":6,"column":24},"end":{"line":6,"column":42}},"loc":{"start":{"line":6,"column":65},"end":{"line":249,"column":null}},"line":6},"1":{"name":"(anonymous_1)","decl":{"start":{"line":17,"column":29},"end":{"line":17,"column":43}},"loc":{"start":{"line":17,"column":43},"end":{"line":36,"column":6}},"line":17},"2":{"name":"(anonymous_2)","decl":{"start":{"line":19,"column":21},"end":{"line":19,"column":null}},"loc":{"start":{"line":20,"column":13},"end":{"line":35,"column":null}},"line":20},"3":{"name":"(anonymous_3)","decl":{"start":{"line":39,"column":2},"end":{"line":39,"column":18}},"loc":{"start":{"line":39,"column":18},"end":{"line":47,"column":7}},"line":39},"4":{"name":"handleClickOutside","decl":{"start":{"line":40,"column":13},"end":{"line":40,"column":32}},"loc":{"start":{"line":40,"column":39},"end":{"line":42,"column":null}},"line":40},"5":{"name":"(anonymous_5)","decl":{"start":{"line":46,"column":4},"end":{"line":46,"column":17}},"loc":{"start":{"line":46,"column":17},"end":{"line":46,"column":78}},"line":46},"6":{"name":"(anonymous_6)","decl":{"start":{"line":49,"column":2},"end":{"line":49,"column":18}},"loc":{"start":{"line":49,"column":18},"end":{"line":55,"column":6}},"line":49},"7":{"name":"(anonymous_7)","decl":{"start":{"line":51,"column":40},"end":{"line":51,"column":46}},"loc":{"start":{"line":51,"column":52},"end":{"line":51,"column":86}},"line":51},"8":{"name":"(anonymous_8)","decl":{"start":{"line":57,"column":2},"end":{"line":57,"column":18}},"loc":{"start":{"line":57,"column":18},"end":{"line":63,"column":6}},"line":57},"9":{"name":"handleChange","decl":{"start":{"line":65,"column":11},"end":{"line":65,"column":24}},"loc":{"start":{"line":65,"column":27},"end":{"line":75,"column":null}},"line":65},"10":{"name":"(anonymous_10)","decl":{"start":{"line":67,"column":4},"end":{"line":67,"column":13}},"loc":{"start":{"line":67,"column":22},"end":{"line":75,"column":null}},"line":67},"11":{"name":"handleSubmit","decl":{"start":{"line":78,"column":11},"end":{"line":78,"column":24}},"loc":{"start":{"line":78,"column":27},"end":{"line":90,"column":null}},"line":78},"12":{"name":"(anonymous_12)","decl":{"start":{"line":95,"column":8},"end":{"line":95,"column":24}},"loc":{"start":{"line":95,"column":24},"end":{"line":96,"column":null}},"line":95},"13":{"name":"(anonymous_13)","decl":{"start":{"line":99,"column":8},"end":{"line":99,"column":29}},"loc":{"start":{"line":99,"column":29},"end":{"line":116,"column":null}},"line":99},"14":{"name":"(anonymous_14)","decl":{"start":{"line":110,"column":9},"end":{"line":110,"column":15}},"loc":{"start":{"line":110,"column":26},"end":{"line":114,"column":null}},"line":110},"15":{"name":"(anonymous_15)","decl":{"start":{"line":123,"column":35},"end":{"line":123,"column":45}},"loc":{"start":{"line":123,"column":51},"end":{"line":123,"column":97}},"line":123},"16":{"name":"(anonymous_16)","decl":{"start":{"line":183,"column":16},"end":{"line":183,"column":27}},"loc":{"start":{"line":183,"column":33},"end":{"line":187,"column":null}},"line":183},"17":{"name":"(anonymous_17)","decl":{"start":{"line":187,"column":20},"end":{"line":187,"column":29}},"loc":{"start":{"line":187,"column":39},"end":{"line":187,"column":68}},"line":187},"18":{"name":"(anonymous_18)","decl":{"start":{"line":190,"column":16},"end":{"line":190,"column":31}},"loc":{"start":{"line":190,"column":31},"end":{"line":190,"column":55}},"line":190},"19":{"name":"(anonymous_19)","decl":{"start":{"line":199,"column":36},"end":{"line":199,"column":41}},"loc":{"start":{"line":200,"column":18},"end":{"line":217,"column":null}},"line":200},"20":{"name":"(anonymous_20)","decl":{"start":{"line":203,"column":22},"end":{"line":203,"column":37}},"loc":{"start":{"line":203,"column":37},"end":{"line":206,"column":null}},"line":203},"21":{"name":"(anonymous_21)","decl":{"start":{"line":204,"column":24},"end":{"line":204,"column":33}},"loc":{"start":{"line":204,"column":43},"end":{"line":204,"column":85}},"line":204}},"branchMap":{"0":{"loc":{"start":{"line":21,"column":8},"end":{"line":21,"column":null}},"type":"if","locations":[{"start":{"line":21,"column":8},"end":{"line":21,"column":null}},{"start":{},"end":{}}],"line":21},"1":{"loc":{"start":{"line":23,"column":8},"end":{"line":23,"column":null}},"type":"if","locations":[{"start":{"line":23,"column":8},"end":{"line":23,"column":null}},{"start":{},"end":{}}],"line":23},"2":{"loc":{"start":{"line":23,"column":12},"end":{"line":23,"column":52}},"type":"binary-expr","locations":[{"start":{"line":23,"column":12},"end":{"line":23,"column":38}},{"start":{"line":23,"column":38},"end":{"line":23,"column":52}}],"line":23},"3":{"loc":{"start":{"line":25,"column":8},"end":{"line":25,"column":null}},"type":"if","locations":[{"start":{"line":25,"column":8},"end":{"line":25,"column":null}},{"start":{},"end":{}}],"line":25},"4":{"loc":{"start":{"line":26,"column":21},"end":{"line":26,"column":null}},"type":"cond-expr","locations":[{"start":{"line":26,"column":37},"end":{"line":26,"column":72}},{"start":{"line":26,"column":75},"end":{"line":26,"column":null}}],"line":26},"5":{"loc":{"start":{"line":27,"column":20},"end":{"line":27,"column":null}},"type":"cond-expr","locations":[{"start":{"line":27,"column":31},"end":{"line":27,"column":61}},{"start":{"line":27,"column":64},"end":{"line":27,"column":null}}],"line":27},"6":{"loc":{"start":{"line":28,"column":20},"end":{"line":28,"column":null}},"type":"cond-expr","locations":[{"start":{"line":28,"column":28},"end":{"line":28,"column":55}},{"start":{"line":28,"column":58},"end":{"line":28,"column":null}}],"line":28},"7":{"loc":{"start":{"line":30,"column":10},"end":{"line":32,"column":28}},"type":"binary-expr","locations":[{"start":{"line":30,"column":10},"end":{"line":30,"column":29}},{"start":{"line":31,"column":10},"end":{"line":31,"column":28}},{"start":{"line":32,"column":10},"end":{"line":32,"column":28}}],"line":30},"8":{"loc":{"start":{"line":41,"column":6},"end":{"line":42,"column":null}},"type":"if","locations":[{"start":{"line":41,"column":6},"end":{"line":42,"column":null}},{"start":{},"end":{}}],"line":41},"9":{"loc":{"start":{"line":41,"column":10},"end":{"line":41,"column":78}},"type":"binary-expr","locations":[{"start":{"line":41,"column":10},"end":{"line":41,"column":34}},{"start":{"line":41,"column":34},"end":{"line":41,"column":78}}],"line":41},"10":{"loc":{"start":{"line":50,"column":4},"end":{"line":53,"column":null}},"type":"if","locations":[{"start":{"line":50,"column":4},"end":{"line":53,"column":null}},{"start":{"line":52,"column":11},"end":{"line":53,"column":null}}],"line":50},"11":{"loc":{"start":{"line":58,"column":4},"end":{"line":61,"column":null}},"type":"if","locations":[{"start":{"line":58,"column":4},"end":{"line":61,"column":null}},{"start":{},"end":{}}],"line":58},"12":{"loc":{"start":{"line":68,"column":42},"end":{"line":68,"column":91}},"type":"cond-expr","locations":[{"start":{"line":68,"column":62},"end":{"line":68,"column":81}},{"start":{"line":68,"column":84},"end":{"line":68,"column":91}}],"line":68},"13":{"loc":{"start":{"line":70,"column":6},"end":{"line":72,"column":null}},"type":"if","locations":[{"start":{"line":70,"column":6},"end":{"line":72,"column":null}},{"start":{},"end":{}}],"line":70},"14":{"loc":{"start":{"line":70,"column":10},"end":{"line":70,"column":108}},"type":"binary-expr","locations":[{"start":{"line":70,"column":10},"end":{"line":70,"column":29}},{"start":{"line":70,"column":29},"end":{"line":70,"column":51}},{"start":{"line":70,"column":51},"end":{"line":70,"column":75}},{"start":{"line":70,"column":75},"end":{"line":70,"column":108}}],"line":70},"15":{"loc":{"start":{"line":80,"column":4},"end":{"line":82,"column":null}},"type":"if","locations":[{"start":{"line":80,"column":4},"end":{"line":82,"column":null}},{"start":{},"end":{}}],"line":80},"16":{"loc":{"start":{"line":80,"column":8},"end":{"line":80,"column":48}},"type":"binary-expr","locations":[{"start":{"line":80,"column":8},"end":{"line":80,"column":28}},{"start":{"line":80,"column":28},"end":{"line":80,"column":48}}],"line":80},"17":{"loc":{"start":{"line":90,"column":4},"end":{"line":90,"column":null}},"type":"if","locations":[{"start":{"line":90,"column":4},"end":{"line":90,"column":null}},{"start":{},"end":{}}],"line":90},"18":{"loc":{"start":{"line":96,"column":11},"end":{"line":96,"column":null}},"type":"binary-expr","locations":[{"start":{"line":96,"column":11},"end":{"line":96,"column":32}},{"start":{"line":96,"column":32},"end":{"line":96,"column":55}},{"start":{"line":96,"column":55},"end":{"line":96,"column":null}}],"line":96},"19":{"loc":{"start":{"line":100,"column":4},"end":{"line":116,"column":null}},"type":"if","locations":[{"start":{"line":100,"column":4},"end":{"line":116,"column":null}},{"start":{"line":115,"column":11},"end":{"line":116,"column":null}}],"line":100},"20":{"loc":{"start":{"line":111,"column":8},"end":{"line":112,"column":null}},"type":"if","locations":[{"start":{"line":111,"column":8},"end":{"line":112,"column":null}},{"start":{},"end":{}}],"line":111},"21":{"loc":{"start":{"line":120,"column":2},"end":{"line":120,"column":null}},"type":"if","locations":[{"start":{"line":120,"column":2},"end":{"line":120,"column":null}},{"start":{},"end":{}}],"line":120},"22":{"loc":{"start":{"line":123,"column":51},"end":{"line":123,"column":97}},"type":"binary-expr","locations":[{"start":{"line":123,"column":51},"end":{"line":123,"column":83}},{"start":{"line":123,"column":83},"end":{"line":123,"column":97}}],"line":123},"23":{"loc":{"start":{"line":156,"column":16},"end":{"line":158,"column":null}},"type":"cond-expr","locations":[{"start":{"line":157,"column":20},"end":{"line":157,"column":null}},{"start":{"line":158,"column":20},"end":{"line":158,"column":null}}],"line":156},"24":{"loc":{"start":{"line":165,"column":16},"end":{"line":167,"column":null}},"type":"cond-expr","locations":[{"start":{"line":166,"column":20},"end":{"line":166,"column":null}},{"start":{"line":167,"column":20},"end":{"line":167,"column":null}}],"line":165},"25":{"loc":{"start":{"line":186,"column":18},"end":{"line":187,"column":null}},"type":"if","locations":[{"start":{"line":186,"column":18},"end":{"line":187,"column":null}},{"start":{},"end":{}}],"line":186},"26":{"loc":{"start":{"line":197,"column":13},"end":{"line":219,"column":null}},"type":"binary-expr","locations":[{"start":{"line":197,"column":13},"end":{"line":197,"column":32}},{"start":{"line":197,"column":32},"end":{"line":197,"column":null}},{"start":{"line":198,"column":14},"end":{"line":219,"column":null}}],"line":197},"27":{"loc":{"start":{"line":214,"column":44},"end":{"line":214,"column":75}},"type":"cond-expr","locations":[{"start":{"line":214,"column":52},"end":{"line":214,"column":72}},{"start":{"line":214,"column":72},"end":{"line":214,"column":75}}],"line":214},"28":{"loc":{"start":{"line":221,"column":13},"end":{"line":226,"column":null}},"type":"binary-expr","locations":[{"start":{"line":221,"column":13},"end":{"line":221,"column":null}},{"start":{"line":222,"column":14},"end":{"line":226,"column":null}}],"line":221},"29":{"loc":{"start":{"line":224,"column":35},"end":{"line":224,"column":null}},"type":"cond-expr","locations":[{"start":{"line":224,"column":69},"end":{"line":224,"column":97}},{"start":{"line":224,"column":97},"end":{"line":224,"column":null}}],"line":224},"30":{"loc":{"start":{"line":243,"column":48},"end":{"line":243,"column":89}},"type":"cond-expr","locations":[{"start":{"line":243,"column":60},"end":{"line":243,"column":76}},{"start":{"line":243,"column":76},"end":{"line":243,"column":89}}],"line":243},"31":{"loc":{"start":{"line":244,"column":46},"end":{"line":244,"column":null}},"type":"cond-expr","locations":[{"start":{"line":244,"column":58},"end":{"line":244,"column":84}},{"start":{"line":244,"column":87},"end":{"line":244,"column":null}}],"line":244}},"s":{"0":21,"1":21,"2":21,"3":21,"4":21,"5":21,"6":21,"7":21,"8":4,"9":4,"10":4,"11":0,"12":4,"13":0,"14":4,"15":2,"16":2,"17":4,"18":4,"19":4,"20":21,"21":0,"22":0,"23":2,"24":2,"25":2,"26":21,"27":3,"28":1,"29":1,"30":2,"31":21,"32":3,"33":2,"34":2,"35":2,"36":3,"37":3,"38":3,"39":3,"40":0,"41":0,"42":3,"43":1,"44":1,"45":0,"46":0,"47":1,"48":1,"49":1,"50":21,"51":21,"52":1,"53":21,"54":1,"55":1,"56":1,"57":1,"58":0,"59":21,"60":11,"61":10,"62":4,"63":1,"64":1,"65":1,"66":0,"67":0,"68":0,"69":1,"70":1,"71":1,"72":1,"73":1},"f":{"0":21,"1":4,"2":4,"3":2,"4":0,"5":2,"6":3,"7":1,"8":3,"9":3,"10":3,"11":1,"12":1,"13":1,"14":1,"15":4,"16":1,"17":0,"18":0,"19":1,"20":1,"21":1},"b":{"0":[0,4],"1":[0,4],"2":[4,1],"3":[2,2],"4":[2,0],"5":[2,0],"6":[0,2],"7":[4,0,0],"8":[0,0],"9":[0,0],"10":[1,2],"11":[2,1],"12":[1,2],"13":[0,3],"14":[3,1,1,1],"15":[0,1],"16":[1,1],"17":[1,0],"18":[1,0,0],"19":[1,0],"20":[1,0],"21":[11,10],"22":[4,0],"23":[7,3],"24":[3,7],"25":[0,1],"26":[21,1,1],"27":[0,1],"28":[21,4],"29":[0,4],"30":[7,3],"31":[7,3]},"meta":{"lastBranch":32,"lastFunction":22,"lastStatement":74,"seen":{"f:6:24:6:42":0,"s:7:21:7:59":0,"s:8:10:8:32":1,"s:9:15:9:96":2,"s:10:31:10:72":3,"s:13:21:13:50":4,"s:14:26:14:63":5,"s:15:8:15:35":6,"s:17:8:36:40":7,"f:17:29:17:43":1,"s:18:17:18:48":8,"s:19:4:35:Infinity":9,"f:19:21:19:Infinity":2,"b:21:8:21:Infinity:undefined:undefined:undefined:undefined":0,"s:21:8:21:Infinity":10,"s:21:16:21:Infinity":11,"b:23:8:23:Infinity:undefined:undefined:undefined:undefined":1,"s:23:8:23:Infinity":12,"b:23:12:23:38:23:38:23:52":2,"s:23:52:23:Infinity":13,"b:25:8:25:Infinity:undefined:undefined:undefined:undefined":3,"s:25:8:25:Infinity":14,"s:25:19:25:Infinity":15,"s:26:21:26:Infinity":16,"b:26:37:26:72:26:75:26:Infinity":4,"s:27:20:27:Infinity":17,"b:27:31:27:61:27:64:27:Infinity":5,"s:28:20:28:Infinity":18,"b:28:28:28:55:28:58:28:Infinity":6,"s:29:8:32:Infinity":19,"b:30:10:30:29:31:10:31:28:32:10:32:28":7,"s:39:2:47:Infinity":20,"f:39:2:39:18":3,"f:40:13:40:32":4,"b:41:6:42:Infinity:undefined:undefined:undefined:undefined":8,"s:41:6:42:Infinity":21,"b:41:10:41:34:41:34:41:78":9,"s:42:8:42:Infinity":22,"s:45:4:45:Infinity":23,"s:46:4:46:Infinity":24,"f:46:4:46:17":5,"s:46:17:46:78":25,"s:49:2:55:Infinity":26,"f:49:2:49:18":6,"b:50:4:53:Infinity:52:11:53:Infinity":10,"s:50:4:53:Infinity":27,"s:51:6:51:Infinity":28,"f:51:40:51:46":7,"s:51:52:51:86":29,"s:53:6:53:Infinity":30,"s:57:2:63:Infinity":31,"f:57:2:57:18":8,"b:58:4:61:Infinity:undefined:undefined:undefined:undefined":11,"s:58:4:61:Infinity":32,"s:59:6:59:Infinity":33,"s:60:6:60:Infinity":34,"s:61:6:61:Infinity":35,"f:65:11:65:24":9,"s:66:28:66:Infinity":36,"s:67:4:75:Infinity":37,"f:67:4:67:13":10,"s:68:23:68:Infinity":38,"b:68:62:68:81:68:84:68:91":12,"b:70:6:72:Infinity:undefined:undefined:undefined:undefined":13,"s:70:6:72:Infinity":39,"b:70:10:70:29:70:29:70:51:70:51:70:75:70:75:70:108":14,"s:71:8:71:Infinity":40,"s:72:8:72:Infinity":41,"s:74:6:74:Infinity":42,"f:78:11:78:24":11,"s:79:4:79:Infinity":43,"b:80:4:82:Infinity:undefined:undefined:undefined:undefined":15,"s:80:4:82:Infinity":44,"b:80:8:80:28:80:28:80:48":16,"s:81:6:81:Infinity":45,"s:82:6:82:Infinity":46,"s:84:15:89:6":47,"b:90:4:90:Infinity:undefined:undefined:undefined:undefined":17,"s:90:4:90:Infinity":48,"s:90:12:90:Infinity":49,"s:93:20:93:Infinity":50,"s:95:8:96:Infinity":51,"f:95:8:95:24":12,"s:96:4:96:Infinity":52,"b:96:11:96:32:96:32:96:55:96:55:96:Infinity":18,"s:99:8:116:Infinity":53,"f:99:8:99:29":13,"b:100:4:116:Infinity:115:11:116:Infinity":19,"s:100:4:116:Infinity":54,"s:101:6:114:Infinity":55,"f:110:9:110:15":14,"b:111:8:112:Infinity:undefined:undefined:undefined:undefined":20,"s:111:8:112:Infinity":56,"s:112:10:112:Infinity":57,"s:116:6:116:Infinity":58,"b:120:2:120:Infinity:undefined:undefined:undefined:undefined":21,"s:120:2:120:Infinity":59,"s:120:16:120:Infinity":60,"s:122:2:249:Infinity":61,"f:123:35:123:45":15,"s:123:51:123:97":62,"b:123:51:123:83:123:83:123:97":22,"b:157:20:157:Infinity:158:20:158:Infinity":23,"b:166:20:166:Infinity:167:20:167:Infinity":24,"f:183:16:183:27":16,"s:184:18:184:Infinity":63,"s:185:18:185:Infinity":64,"b:186:18:187:Infinity:undefined:undefined:undefined:undefined":25,"s:186:18:187:Infinity":65,"s:187:20:187:Infinity":66,"f:187:20:187:29":17,"s:187:39:187:68":67,"f:190:16:190:31":18,"s:190:31:190:55":68,"b:197:13:197:32:197:32:197:Infinity:198:14:219:Infinity":26,"f:199:36:199:41":19,"s:200:18:217:Infinity":69,"f:203:22:203:37":20,"s:204:24:204:Infinity":70,"f:204:24:204:33":21,"s:204:43:204:85":71,"s:205:24:205:Infinity":72,"s:206:24:206:Infinity":73,"b:214:52:214:72:214:72:214:75":27,"b:221:13:221:Infinity:222:14:226:Infinity":28,"b:224:69:224:97:224:97:224:Infinity":29,"b:243:60:243:76:243:76:243:89":30,"b:244:58:244:84:244:87:244:Infinity":31},"fnNames":{}}}
,"D:\\Sistemas\\SGI_NIZAMOTORS\\src\\components\\Pagination.jsx": {"path":"D:\\Sistemas\\SGI_NIZAMOTORS\\src\\components\\Pagination.jsx","statementMap":{"0":{"start":{"line":4,"column":13},"end":{"line":4,"column":38}},"1":{"start":{"line":6,"column":2},"end":{"line":6,"column":null}},"2":{"start":{"line":6,"column":42},"end":{"line":6,"column":null}},"3":{"start":{"line":8,"column":20},"end":{"line":8,"column":null}},"4":{"start":{"line":9,"column":19},"end":{"line":9,"column":null}},"5":{"start":{"line":10,"column":15},"end":{"line":10,"column":62}},"6":{"start":{"line":12,"column":20},"end":{"line":12,"column":null}},"7":{"start":{"line":13,"column":18},"end":{"line":13,"column":null}},"8":{"start":{"line":15,"column":2},"end":{"line":79,"column":null}},"9":{"start":{"line":20,"column":23},"end":{"line":20,"column":35}},"10":{"start":{"line":34,"column":23},"end":{"line":34,"column":59}},"11":{"start":{"line":34,"column":40},"end":{"line":34,"column":58}},"12":{"start":{"line":56,"column":23},"end":{"line":56,"column":70}},"13":{"start":{"line":56,"column":40},"end":{"line":56,"column":69}},"14":{"start":{"line":70,"column":23},"end":{"line":70,"column":46}}},"fnMap":{"0":{"name":"Pagination","decl":{"start":{"line":3,"column":24},"end":{"line":3,"column":35}},"loc":{"start":{"line":3,"column":88},"end":{"line":79,"column":null}},"line":3},"1":{"name":"(anonymous_1)","decl":{"start":{"line":20,"column":8},"end":{"line":20,"column":23}},"loc":{"start":{"line":20,"column":23},"end":{"line":20,"column":35}},"line":20},"2":{"name":"(anonymous_2)","decl":{"start":{"line":34,"column":8},"end":{"line":34,"column":23}},"loc":{"start":{"line":34,"column":23},"end":{"line":34,"column":59}},"line":34},"3":{"name":"(anonymous_3)","decl":{"start":{"line":34,"column":23},"end":{"line":34,"column":34}},"loc":{"start":{"line":34,"column":40},"end":{"line":34,"column":58}},"line":34},"4":{"name":"(anonymous_4)","decl":{"start":{"line":56,"column":8},"end":{"line":56,"column":23}},"loc":{"start":{"line":56,"column":23},"end":{"line":56,"column":70}},"line":56},"5":{"name":"(anonymous_5)","decl":{"start":{"line":56,"column":23},"end":{"line":56,"column":34}},"loc":{"start":{"line":56,"column":40},"end":{"line":56,"column":69}},"line":56},"6":{"name":"(anonymous_6)","decl":{"start":{"line":70,"column":8},"end":{"line":70,"column":23}},"loc":{"start":{"line":70,"column":23},"end":{"line":70,"column":46}},"line":70}},"branchMap":{"0":{"loc":{"start":{"line":3,"column":70},"end":{"line":3,"column":88}},"type":"default-arg","locations":[{"start":{"line":3,"column":82},"end":{"line":3,"column":88}}],"line":3},"1":{"loc":{"start":{"line":6,"column":2},"end":{"line":6,"column":null}},"type":"if","locations":[{"start":{"line":6,"column":2},"end":{"line":6,"column":null}},{"start":{},"end":{}}],"line":6},"2":{"loc":{"start":{"line":6,"column":6},"end":{"line":6,"column":42}},"type":"binary-expr","locations":[{"start":{"line":6,"column":6},"end":{"line":6,"column":23}},{"start":{"line":6,"column":23},"end":{"line":6,"column":42}}],"line":6},"3":{"loc":{"start":{"line":10,"column":15},"end":{"line":10,"column":62}},"type":"binary-expr","locations":[{"start":{"line":10,"column":15},"end":{"line":10,"column":32}},{"start":{"line":10,"column":32},"end":{"line":10,"column":62}}],"line":10},"4":{"loc":{"start":{"line":12,"column":20},"end":{"line":12,"column":null}},"type":"cond-expr","locations":[{"start":{"line":12,"column":27},"end":{"line":12,"column":36}},{"start":{"line":12,"column":36},"end":{"line":12,"column":null}}],"line":12},"5":{"loc":{"start":{"line":13,"column":18},"end":{"line":13,"column":null}},"type":"cond-expr","locations":[{"start":{"line":13,"column":25},"end":{"line":13,"column":32}},{"start":{"line":13,"column":32},"end":{"line":13,"column":null}}],"line":13}},"s":{"0":6,"1":6,"2":2,"3":4,"4":4,"5":4,"6":6,"7":6,"8":6,"9":1,"10":0,"11":0,"12":1,"13":0,"14":1},"f":{"0":6,"1":1,"2":0,"3":0,"4":1,"5":0,"6":1},"b":{"0":[6],"1":[2,4],"2":[6,5],"3":[4,4],"4":[0,4],"5":[0,4]},"meta":{"lastBranch":6,"lastFunction":7,"lastStatement":15,"seen":{"f:3:24:3:35":0,"b:3:82:3:88":0,"s:4:13:4:38":0,"b:6:2:6:Infinity:undefined:undefined:undefined:undefined":1,"s:6:2:6:Infinity":1,"b:6:6:6:23:6:23:6:42":2,"s:6:42:6:Infinity":2,"s:8:20:8:Infinity":3,"s:9:19:9:Infinity":4,"s:10:15:10:62":5,"b:10:15:10:32:10:32:10:62":3,"s:12:20:12:Infinity":6,"b:12:27:12:36:12:36:12:Infinity":4,"s:13:18:13:Infinity":7,"b:13:25:13:32:13:32:13:Infinity":5,"s:15:2:79:Infinity":8,"f:20:8:20:23":1,"s:20:23:20:35":9,"f:34:8:34:23":2,"s:34:23:34:59":10,"f:34:23:34:34":3,"s:34:40:34:58":11,"f:56:8:56:23":4,"s:56:23:56:70":12,"f:56:23:56:34":5,"s:56:40:56:69":13,"f:70:8:70:23":6,"s:70:23:70:46":14},"fnNames":{}}}
,"D:\\Sistemas\\SGI_NIZAMOTORS\\src\\components\\ProductFormModal.jsx": {"path":"D:\\Sistemas\\SGI_NIZAMOTORS\\src\\components\\ProductFormModal.jsx","statementMap":{"0":{"start":{"line":7,"column":2},"end":{"line":23,"column":null}},"1":{"start":{"line":29,"column":17},"end":{"line":29,"column":33}},"2":{"start":{"line":30,"column":2},"end":{"line":30,"column":null}},"3":{"start":{"line":31,"column":2},"end":{"line":63,"column":null}},"4":{"start":{"line":32,"column":16},"end":{"line":32,"column":27}},"5":{"start":{"line":33,"column":4},"end":{"line":33,"column":null}},"6":{"start":{"line":34,"column":4},"end":{"line":63,"column":null}},"7":{"start":{"line":35,"column":21},"end":{"line":35,"column":53}},"8":{"start":{"line":36,"column":18},"end":{"line":36,"column":null}},"9":{"start":{"line":37,"column":19},"end":{"line":37,"column":null}},"10":{"start":{"line":40,"column":24},"end":{"line":40,"column":null}},"11":{"start":{"line":41,"column":25},"end":{"line":41,"column":null}},"12":{"start":{"line":43,"column":6},"end":{"line":51,"column":null}},"13":{"start":{"line":44,"column":8},"end":{"line":46,"column":null}},"14":{"start":{"line":45,"column":10},"end":{"line":45,"column":null}},"15":{"start":{"line":46,"column":10},"end":{"line":46,"column":null}},"16":{"start":{"line":49,"column":8},"end":{"line":51,"column":null}},"17":{"start":{"line":50,"column":10},"end":{"line":50,"column":null}},"18":{"start":{"line":51,"column":10},"end":{"line":51,"column":null}},"19":{"start":{"line":55,"column":6},"end":{"line":55,"column":null}},"20":{"start":{"line":56,"column":6},"end":{"line":56,"column":null}},"21":{"start":{"line":57,"column":18},"end":{"line":57,"column":41}},"22":{"start":{"line":58,"column":6},"end":{"line":58,"column":null}},"23":{"start":{"line":59,"column":6},"end":{"line":59,"column":null}},"24":{"start":{"line":60,"column":6},"end":{"line":60,"column":null}},"25":{"start":{"line":62,"column":22},"end":{"line":62,"column":58}},"26":{"start":{"line":63,"column":6},"end":{"line":63,"column":null}},"27":{"start":{"line":69,"column":19},"end":{"line":69,"column":49}},"28":{"start":{"line":70,"column":8},"end":{"line":70,"column":35}},"29":{"start":{"line":72,"column":8},"end":{"line":84,"column":null}},"30":{"start":{"line":73,"column":4},"end":{"line":80,"column":null}},"31":{"start":{"line":74,"column":6},"end":{"line":79,"column":null}},"32":{"start":{"line":80,"column":6},"end":{"line":80,"column":null}},"33":{"start":{"line":82,"column":4},"end":{"line":84,"column":null}},"34":{"start":{"line":83,"column":6},"end":{"line":83,"column":null}},"35":{"start":{"line":87,"column":8},"end":{"line":90,"column":null}},"36":{"start":{"line":88,"column":17},"end":{"line":88,"column":null}},"37":{"start":{"line":89,"column":4},"end":{"line":90,"column":null}},"38":{"start":{"line":90,"column":6},"end":{"line":90,"column":null}},"39":{"start":{"line":94,"column":8},"end":{"line":127,"column":null}},"40":{"start":{"line":97,"column":17},"end":{"line":97,"column":54}},"41":{"start":{"line":98,"column":4},"end":{"line":105,"column":null}},"42":{"start":{"line":99,"column":20},"end":{"line":99,"column":55}},"43":{"start":{"line":100,"column":6},"end":{"line":105,"column":null}},"44":{"start":{"line":101,"column":20},"end":{"line":101,"column":null}},"45":{"start":{"line":102,"column":8},"end":{"line":105,"column":null}},"46":{"start":{"line":103,"column":10},"end":{"line":103,"column":null}},"47":{"start":{"line":104,"column":10},"end":{"line":104,"column":null}},"48":{"start":{"line":105,"column":10},"end":{"line":105,"column":null}},"49":{"start":{"line":111,"column":17},"end":{"line":111,"column":49}},"50":{"start":{"line":112,"column":4},"end":{"line":115,"column":null}},"51":{"start":{"line":113,"column":6},"end":{"line":113,"column":null}},"52":{"start":{"line":114,"column":6},"end":{"line":114,"column":null}},"53":{"start":{"line":115,"column":6},"end":{"line":115,"column":null}},"54":{"start":{"line":119,"column":18},"end":{"line":119,"column":null}},"55":{"start":{"line":120,"column":4},"end":{"line":127,"column":null}},"56":{"start":{"line":121,"column":6},"end":{"line":127,"column":null}},"57":{"start":{"line":121,"column":19},"end":{"line":121,"column":22}},"58":{"start":{"line":122,"column":8},"end":{"line":127,"column":null}},"59":{"start":{"line":123,"column":23},"end":{"line":123,"column":43}},"60":{"start":{"line":124,"column":10},"end":{"line":127,"column":null}},"61":{"start":{"line":125,"column":12},"end":{"line":125,"column":null}},"62":{"start":{"line":126,"column":12},"end":{"line":126,"column":null}},"63":{"start":{"line":127,"column":12},"end":{"line":127,"column":null}},"64":{"start":{"line":134,"column":8},"end":{"line":137,"column":null}},"65":{"start":{"line":135,"column":4},"end":{"line":135,"column":null}},"66":{"start":{"line":136,"column":4},"end":{"line":136,"column":null}},"67":{"start":{"line":137,"column":4},"end":{"line":137,"column":null}},"68":{"start":{"line":137,"column":30},"end":{"line":137,"column":null}},"69":{"start":{"line":140,"column":2},"end":{"line":212,"column":null}},"70":{"start":{"line":148,"column":23},"end":{"line":148,"column":62}},"71":{"start":{"line":149,"column":29},"end":{"line":149,"column":49}},"72":{"start":{"line":149,"column":49},"end":{"line":149,"column":null}},"73":{"start":{"line":150,"column":27},"end":{"line":150,"column":45}},"74":{"start":{"line":152,"column":10},"end":{"line":152,"column":null}},"75":{"start":{"line":153,"column":10},"end":{"line":153,"column":null}},"76":{"start":{"line":154,"column":23},"end":{"line":154,"column":null}},"77":{"start":{"line":155,"column":10},"end":{"line":155,"column":null}},"78":{"start":{"line":155,"column":20},"end":{"line":155,"column":null}},"79":{"start":{"line":180,"column":34},"end":{"line":180,"column":55}},"80":{"start":{"line":180,"column":55},"end":{"line":180,"column":null}},"81":{"start":{"line":210,"column":25},"end":{"line":210,"column":55}},"82":{"start":{"line":218,"column":64},"end":{"line":218,"column":93}},"83":{"start":{"line":219,"column":10},"end":{"line":219,"column":32}},"84":{"start":{"line":220,"column":15},"end":{"line":223,"column":4}},"85":{"start":{"line":225,"column":2},"end":{"line":236,"column":null}},"86":{"start":{"line":226,"column":4},"end":{"line":234,"column":null}},"87":{"start":{"line":227,"column":6},"end":{"line":232,"column":null}},"88":{"start":{"line":234,"column":6},"end":{"line":234,"column":null}},"89":{"start":{"line":238,"column":8},"end":{"line":248,"column":null}},"90":{"start":{"line":239,"column":20},"end":{"line":242,"column":null}},"91":{"start":{"line":243,"column":4},"end":{"line":248,"column":null}},"92":{"start":{"line":244,"column":6},"end":{"line":244,"column":null}},"93":{"start":{"line":244,"column":73},"end":{"line":244,"column":null}},"94":{"start":{"line":245,"column":22},"end":{"line":245,"column":95}},"95":{"start":{"line":246,"column":25},"end":{"line":246,"column":107}},"96":{"start":{"line":247,"column":6},"end":{"line":247,"column":null}},"97":{"start":{"line":251,"column":8},"end":{"line":268,"column":null}},"98":{"start":{"line":252,"column":4},"end":{"line":268,"column":null}},"99":{"start":{"line":253,"column":6},"end":{"line":266,"column":null}},"100":{"start":{"line":263,"column":8},"end":{"line":264,"column":null}},"101":{"start":{"line":264,"column":10},"end":{"line":264,"column":null}},"102":{"start":{"line":268,"column":6},"end":{"line":268,"column":null}},"103":{"start":{"line":272,"column":2},"end":{"line":272,"column":null}},"104":{"start":{"line":272,"column":16},"end":{"line":272,"column":null}},"105":{"start":{"line":274,"column":18},"end":{"line":276,"column":null}},"106":{"start":{"line":277,"column":19},"end":{"line":277,"column":null}},"107":{"start":{"line":280,"column":28},"end":{"line":280,"column":null}},"108":{"start":{"line":281,"column":4},"end":{"line":286,"column":null}},"109":{"start":{"line":281,"column":23},"end":{"line":286,"column":7}},"110":{"start":{"line":290,"column":4},"end":{"line":293,"column":null}},"111":{"start":{"line":290,"column":23},"end":{"line":293,"column":7}},"112":{"start":{"line":297,"column":4},"end":{"line":297,"column":null}},"113":{"start":{"line":298,"column":4},"end":{"line":300,"column":null}},"114":{"start":{"line":299,"column":6},"end":{"line":299,"column":null}},"115":{"start":{"line":300,"column":6},"end":{"line":300,"column":null}},"116":{"start":{"line":302,"column":17},"end":{"line":302,"column":null}},"117":{"start":{"line":303,"column":4},"end":{"line":306,"column":null}},"118":{"start":{"line":304,"column":6},"end":{"line":304,"column":null}},"119":{"start":{"line":306,"column":6},"end":{"line":306,"column":null}},"120":{"start":{"line":308,"column":4},"end":{"line":308,"column":null}},"121":{"start":{"line":311,"column":2},"end":{"line":445,"column":null}},"122":{"start":{"line":312,"column":51},"end":{"line":312,"column":97}},"123":{"start":{"line":376,"column":16},"end":{"line":376,"column":null}},"124":{"start":{"line":393,"column":16},"end":{"line":393,"column":null}},"125":{"start":{"line":413,"column":16},"end":{"line":413,"column":null}}},"fnMap":{"0":{"name":"InputField","decl":{"start":{"line":6,"column":9},"end":{"line":6,"column":20}},"loc":{"start":{"line":6,"column":117},"end":{"line":23,"column":null}},"line":6},"1":{"name":"compressImage","decl":{"start":{"line":28,"column":9},"end":{"line":28,"column":23}},"loc":{"start":{"line":28,"column":39},"end":{"line":63,"column":null}},"line":28},"2":{"name":"(anonymous_2)","decl":{"start":{"line":31,"column":9},"end":{"line":31,"column":19}},"loc":{"start":{"line":31,"column":29},"end":{"line":63,"column":null}},"line":31},"3":{"name":"(anonymous_3)","decl":{"start":{"line":34,"column":8},"end":{"line":34,"column":23}},"loc":{"start":{"line":34,"column":23},"end":{"line":63,"column":null}},"line":34},"4":{"name":"ImagePicker","decl":{"start":{"line":68,"column":9},"end":{"line":68,"column":21}},"loc":{"start":{"line":68,"column":55},"end":{"line":212,"column":null}},"line":68},"5":{"name":"(anonymous_5)","decl":{"start":{"line":72,"column":8},"end":{"line":72,"column":23}},"loc":{"start":{"line":72,"column":32},"end":{"line":84,"column":null}},"line":72},"6":{"name":"(anonymous_6)","decl":{"start":{"line":82,"column":18},"end":{"line":82,"column":25}},"loc":{"start":{"line":82,"column":40},"end":{"line":84,"column":null}},"line":82},"7":{"name":"(anonymous_7)","decl":{"start":{"line":87,"column":8},"end":{"line":87,"column":28}},"loc":{"start":{"line":87,"column":34},"end":{"line":90,"column":null}},"line":87},"8":{"name":"(anonymous_8)","decl":{"start":{"line":94,"column":8},"end":{"line":94,"column":23}},"loc":{"start":{"line":94,"column":29},"end":{"line":127,"column":null}},"line":94},"9":{"name":"(anonymous_9)","decl":{"start":{"line":134,"column":8},"end":{"line":134,"column":23}},"loc":{"start":{"line":134,"column":29},"end":{"line":137,"column":null}},"line":134},"10":{"name":"(anonymous_10)","decl":{"start":{"line":148,"column":8},"end":{"line":148,"column":23}},"loc":{"start":{"line":148,"column":23},"end":{"line":148,"column":62}},"line":148},"11":{"name":"(anonymous_11)","decl":{"start":{"line":149,"column":8},"end":{"line":149,"column":21}},"loc":{"start":{"line":149,"column":27},"end":{"line":149,"column":null}},"line":149},"12":{"name":"(anonymous_12)","decl":{"start":{"line":150,"column":8},"end":{"line":150,"column":27}},"loc":{"start":{"line":150,"column":27},"end":{"line":150,"column":45}},"line":150},"13":{"name":"(anonymous_13)","decl":{"start":{"line":151,"column":8},"end":{"line":151,"column":17}},"loc":{"start":{"line":151,"column":23},"end":{"line":155,"column":null}},"line":151},"14":{"name":"(anonymous_14)","decl":{"start":{"line":180,"column":16},"end":{"line":180,"column":26}},"loc":{"start":{"line":180,"column":32},"end":{"line":180,"column":null}},"line":180},"15":{"name":"(anonymous_15)","decl":{"start":{"line":210,"column":8},"end":{"line":210,"column":19}},"loc":{"start":{"line":210,"column":25},"end":{"line":210,"column":55}},"line":210},"16":{"name":"ProductFormModal","decl":{"start":{"line":217,"column":24},"end":{"line":217,"column":41}},"loc":{"start":{"line":217,"column":74},"end":{"line":445,"column":null}},"line":217},"17":{"name":"(anonymous_17)","decl":{"start":{"line":225,"column":2},"end":{"line":225,"column":18}},"loc":{"start":{"line":225,"column":18},"end":{"line":236,"column":6}},"line":225},"18":{"name":"(anonymous_18)","decl":{"start":{"line":238,"column":8},"end":{"line":238,"column":24}},"loc":{"start":{"line":238,"column":24},"end":{"line":248,"column":null}},"line":238},"19":{"name":"(anonymous_19)","decl":{"start":{"line":243,"column":32},"end":{"line":243,"column":37}},"loc":{"start":{"line":243,"column":44},"end":{"line":248,"column":null}},"line":243},"20":{"name":"(anonymous_20)","decl":{"start":{"line":251,"column":8},"end":{"line":251,"column":29}},"loc":{"start":{"line":251,"column":29},"end":{"line":268,"column":null}},"line":251},"21":{"name":"(anonymous_21)","decl":{"start":{"line":262,"column":9},"end":{"line":262,"column":15}},"loc":{"start":{"line":262,"column":26},"end":{"line":266,"column":null}},"line":262},"22":{"name":"handleChange","decl":{"start":{"line":279,"column":11},"end":{"line":279,"column":24}},"loc":{"start":{"line":279,"column":27},"end":{"line":286,"column":null}},"line":279},"23":{"name":"(anonymous_23)","decl":{"start":{"line":281,"column":4},"end":{"line":281,"column":13}},"loc":{"start":{"line":281,"column":23},"end":{"line":286,"column":7}},"line":281},"24":{"name":"handleImageChange","decl":{"start":{"line":289,"column":11},"end":{"line":289,"column":29}},"loc":{"start":{"line":289,"column":42},"end":{"line":293,"column":null}},"line":289},"25":{"name":"(anonymous_25)","decl":{"start":{"line":290,"column":4},"end":{"line":290,"column":13}},"loc":{"start":{"line":290,"column":23},"end":{"line":293,"column":7}},"line":290},"26":{"name":"handleSubmit","decl":{"start":{"line":296,"column":11},"end":{"line":296,"column":24}},"loc":{"start":{"line":296,"column":27},"end":{"line":308,"column":null}},"line":296},"27":{"name":"(anonymous_27)","decl":{"start":{"line":312,"column":35},"end":{"line":312,"column":45}},"loc":{"start":{"line":312,"column":51},"end":{"line":312,"column":97}},"line":312},"28":{"name":"(anonymous_28)","decl":{"start":{"line":375,"column":26},"end":{"line":375,"column":31}},"loc":{"start":{"line":376,"column":16},"end":{"line":376,"column":null}},"line":376},"29":{"name":"(anonymous_29)","decl":{"start":{"line":392,"column":22},"end":{"line":392,"column":27}},"loc":{"start":{"line":393,"column":16},"end":{"line":393,"column":null}},"line":393},"30":{"name":"(anonymous_30)","decl":{"start":{"line":412,"column":27},"end":{"line":412,"column":32}},"loc":{"start":{"line":413,"column":16},"end":{"line":413,"column":null}},"line":413}},"branchMap":{"0":{"loc":{"start":{"line":6,"column":52},"end":{"line":6,"column":67}},"type":"default-arg","locations":[{"start":{"line":6,"column":59},"end":{"line":6,"column":67}}],"line":6},"1":{"loc":{"start":{"line":8,"column":20},"end":{"line":8,"column":null}},"type":"binary-expr","locations":[{"start":{"line":8,"column":20},"end":{"line":8,"column":31}},{"start":{"line":8,"column":31},"end":{"line":8,"column":null}}],"line":8},"2":{"loc":{"start":{"line":10,"column":17},"end":{"line":10,"column":null}},"type":"binary-expr","locations":[{"start":{"line":10,"column":17},"end":{"line":10,"column":29}},{"start":{"line":10,"column":29},"end":{"line":10,"column":null}}],"line":10},"3":{"loc":{"start":{"line":43,"column":6},"end":{"line":51,"column":null}},"type":"if","locations":[{"start":{"line":43,"column":6},"end":{"line":51,"column":null}},{"start":{"line":48,"column":13},"end":{"line":51,"column":null}}],"line":43},"4":{"loc":{"start":{"line":44,"column":8},"end":{"line":46,"column":null}},"type":"if","locations":[{"start":{"line":44,"column":8},"end":{"line":46,"column":null}},{"start":{},"end":{}}],"line":44},"5":{"loc":{"start":{"line":49,"column":8},"end":{"line":51,"column":null}},"type":"if","locations":[{"start":{"line":49,"column":8},"end":{"line":51,"column":null}},{"start":{},"end":{}}],"line":49},"6":{"loc":{"start":{"line":73,"column":4},"end":{"line":80,"column":null}},"type":"if","locations":[{"start":{"line":73,"column":4},"end":{"line":80,"column":null}},{"start":{},"end":{}}],"line":73},"7":{"loc":{"start":{"line":89,"column":4},"end":{"line":90,"column":null}},"type":"if","locations":[{"start":{"line":89,"column":4},"end":{"line":90,"column":null}},{"start":{},"end":{}}],"line":89},"8":{"loc":{"start":{"line":98,"column":4},"end":{"line":105,"column":null}},"type":"if","locations":[{"start":{"line":98,"column":4},"end":{"line":105,"column":null}},{"start":{},"end":{}}],"line":98},"9":{"loc":{"start":{"line":100,"column":6},"end":{"line":105,"column":null}},"type":"if","locations":[{"start":{"line":100,"column":6},"end":{"line":105,"column":null}},{"start":{},"end":{}}],"line":100},"10":{"loc":{"start":{"line":100,"column":10},"end":{"line":100,"column":29}},"type":"binary-expr","locations":[{"start":{"line":100,"column":10},"end":{"line":100,"column":19}},{"start":{"line":100,"column":19},"end":{"line"
[...]
,"D:\\Sistemas\\SGI_NIZAMOTORS\\src\\utils\\search.js": {"path":"D:\\Sistemas\\SGI_NIZAMOTORS\\src\\utils\\search.js","statementMap":{"0":{"start":{"line":6,"column":13},"end":{"line":12,"column":null}},"1":{"start":{"line":7,"column":2},"end":{"line":7,"column":null}},"2":{"start":{"line":7,"column":12},"end":{"line":7,"column":null}},"3":{"start":{"line":8,"column":2},"end":{"line":12,"column":null}},"4":{"start":{"line":23,"column":13},"end":{"line":34,"column":null}},"5":{"start":{"line":24,"column":2},"end":{"line":24,"column":null}},"6":{"start":{"line":24,"column":14},"end":{"line":24,"column":null}},"7":{"start":{"line":26,"column":26},"end":{"line":26,"column":48}},"8":{"start":{"line":27,"column":21},"end":{"line":27,"column":65}},"9":{"start":{"line":29,"column":2},"end":{"line":29,"column":null}},"10":{"start":{"line":29,"column":31},"end":{"line":29,"column":null}},"11":{"start":{"line":31,"column":28},"end":{"line":31,"column":66}},"12":{"start":{"line":34,"column":2},"end":{"line":34,"column":null}},"13":{"start":{"line":34,"column":36},"end":{"line":34,"column":68}}},"fnMap":{"0":{"name":"(anonymous_0)","decl":{"start":{"line":6,"column":13},"end":{"line":6,"column":32}},"loc":{"start":{"line":6,"column":40},"end":{"line":12,"column":null}},"line":6},"1":{"name":"(anonymous_1)","decl":{"start":{"line":23,"column":13},"end":{"line":23,"column":28}},"loc":{"start":{"line":23,"column":47},"end":{"line":34,"column":null}},"line":23},"2":{"name":"(anonymous_2)","decl":{"start":{"line":34,"column":20},"end":{"line":34,"column":27}},"loc":{"start":{"line":34,"column":36},"end":{"line":34,"column":68}},"line":34}},"branchMap":{"0":{"loc":{"start":{"line":7,"column":2},"end":{"line":7,"column":null}},"type":"if","locations":[{"start":{"line":7,"column":2},"end":{"line":7,"column":null}},{"start":{},"end":{}}],"line":7},"1":{"loc":{"start":{"line":24,"column":2},"end":{"line":24,"column":null}},"type":"if","locations":[{"start":{"line":24,"column":2},"end":{"line":24,"column":null}},{"start":{},"end":{}}],"line":24},"2":{"loc":{"start":{"line":29,"column":2},"end":{"line":29,"column":null}},"type":"if","locations":[{"start":{"line":29,"column":2},"end":{"line":29,"column":null}},{"start":{},"end":{}}],"line":29}},"s":{"0":5,"1":208,"2":39,"3":169,"4":5,"5":158,"6":105,"7":53,"8":53,"9":53,"10":1,"11":52,"12":52,"13":55},"f":{"0":208,"1":158,"2":55},"b":{"0":[39,169],"1":[105,53],"2":[1,52]},"meta":{"lastBranch":3,"lastFunction":3,"lastStatement":14,"seen":{"s:6:13:12:Infinity":0,"f:6:13:6:32":0,"b:7:2:7:Infinity:undefined:undefined:undefined:undefined":0,"s:7:2:7:Infinity":1,"s:7:12:7:Infinity":2,"s:8:2:12:Infinity":3,"s:23:13:34:Infinity":4,"f:23:13:23:28":1,"b:24:2:24:Infinity:undefined:undefined:undefined:undefined":1,"s:24:2:24:Infinity":5,"s:24:14:24:Infinity":6,"s:26:26:26:48":7,"s:27:21:27:65":8,"b:29:2:29:Infinity:undefined:undefined:undefined:undefined":2,"s:29:2:29:Infinity":9,"s:29:31:29:Infinity":10,"s:31:28:31:66":11,"s:34:2:34:Infinity":12,"f:34:20:34:27":2,"s:34:36:34:68":13},"fnNames":{}}}
,"D:\\Sistemas\\SGI_NIZAMOTORS\\src\\utils\\security.js": {"path":"D:\\Sistemas\\SGI_NIZAMOTORS\\src\\utils\\security.js","statementMap":{"0":{"start":{"line":1,"column":13},"end":{"line":1,"column":null}},"1":{"start":{"line":10,"column":2},"end":{"line":10,"column":null}},"2":{"start":{"line":10,"column":55},"end":{"line":10,"column":null}},"3":{"start":{"line":11,"column":14},"end":{"line":11,"column":32}},"4":{"start":{"line":13,"column":2},"end":{"line":13,"column":null}},"5":{"start":{"line":13,"column":35},"end":{"line":13,"column":null}},"6":{"start":{"line":15,"column":15},"end":{"line":15,"column":null}},"7":{"start":{"line":16,"column":2},"end":{"line":16,"column":null}},"8":{"start":{"line":24,"column":4},"end":{"line":24,"column":null}},"9":{"start":{"line":27,"column":18},"end":{"line":27,"column":null}},"10":{"start":{"line":28,"column":18},"end":{"line":28,"column":32}},"11":{"start":{"line":29,"column":25},"end":{"line":29,"column":null}},"12":{"start":{"line":31,"column":15},"end":{"line":31,"column":null}},"13":{"start":{"line":33,"column":16},"end":{"line":33,"column":18}},"14":{"start":{"line":34,"column":22},"end":{"line":34,"column":null}},"15":{"start":{"line":36,"column":14},"end":{"line":36,"column":47}},"16":{"start":{"line":37,"column":11},"end":{"line":37,"column":44}},"17":{"start":{"line":38,"column":21},"end":{"line":38,"column":null}},"18":{"start":{"line":40,"column":22},"end":{"line":40,"column":24}},"19":{"start":{"line":41,"column":2},"end":{"line":47,"column":null}},"20":{"start":{"line":41,"column":23},"end":{"line":41,"column":26}},"21":{"start":{"line":42,"column":4},"end":{"line":47,"column":null}},"22":{"start":{"line":43,"column":6},"end":{"line":44,"column":null}},"23":{"start":{"line":44,"column":8},"end":{"line":44,"column":null}},"24":{"start":{"line":46,"column":6},"end":{"line":46,"column":null}},"25":{"start":{"line":47,"column":6},"end":{"line":47,"column":null}},"26":{"start":{"line":51,"column":2},"end":{"line":51,"column":null}},"27":{"start":{"line":52,"column":2},"end":{"line":52,"column":null}},"28":{"start":{"line":52,"column":44},"end":{"line":52,"column":null}},"29":{"start":{"line":54,"column":2},"end":{"line":57,"column":null}},"30":{"start":{"line":55,"column":4},"end":{"line":55,"column":null}},"31":{"start":{"line":56,"column":4},"end":{"line":56,"column":null}},"32":{"start":{"line":56,"column":16},"end":{"line":56,"column":null}},"33":{"start":{"line":57,"column":4},"end":{"line":57,"column":null}},"34":{"start":{"line":60,"column":2},"end":{"line":60,"column":null}},"35":{"start":{"line":61,"column":2},"end":{"line":61,"column":null}},"36":{"start":{"line":63,"column":2},"end":{"line":97,"column":null}},"37":{"start":{"line":64,"column":14},"end":{"line":64,"column":39}},"38":{"start":{"line":65,"column":20},"end":{"line":65,"column":null}},"39":{"start":{"line":67,"column":4},"end":{"line":67,"column":null}},"40":{"start":{"line":69,"column":4},"end":{"line":93,"column":null}},"41":{"start":{"line":70,"column":18},"end":{"line":70,"column":null}},"42":{"start":{"line":71,"column":13},"end":{"line":71,"column":null}},"43":{"start":{"line":72,"column":16},"end":{"line":72,"column":null}},"44":{"start":{"line":73,"column":12},"end":{"line":73,"column":null}},"45":{"start":{"line":75,"column":8},"end":{"line":86,"column":null}},"46":{"start":{"line":88,"column":12},"end":{"line":90,"column":null}},"47":{"start":{"line":92,"column":6},"end":{"line":92,"column":null}},"48":{"start":{"line":93,"column":6},"end":{"line":93,"column":null}},"49":{"start":{"line":96,"column":4},"end":{"line":97,"column":null}},"50":{"start":{"line":97,"column":6},"end":{"line":97,"column":null}},"51":{"start":{"line":101,"column":2},"end":{"line":104,"column":null}},"52":{"start":{"line":102,"column":4},"end":{"line":104,"column":null}},"53":{"start":{"line":103,"column":17},"end":{"line":103,"column":null}},"54":{"start":{"line":104,"column":6},"end":{"line":104,"column":null}},"55":{"start":{"line":107,"column":2},"end":{"line":107,"column":null}},"56":{"start":{"line":116,"column":2},"end":{"line":116,"column":null}},"57":{"start":{"line":116,"column":13},"end":{"line":116,"column":null}},"58":{"start":{"line":117,"column":18},"end":{"line":122,"column":null}},"59":{"start":{"line":123,"column":14},"end":{"line":123,"column":37}},"60":{"start":{"line":124,"column":17},"end":{"line":124,"column":93}},"61":{"start":{"line":125,"column":20},"end":{"line":125,"column":32}},"62":{"start":{"line":126,"column":2},"end":{"line":126,"column":null}},"63":{"start":{"line":134,"column":2},"end":{"line":136,"column":null}},"64":{"start":{"line":135,"column":18},"end":{"line":135,"column":58}},"65":{"start":{"line":136,"column":4},"end":{"line":136,"column":null}},"66":{"start":{"line":136,"column":15},"end":{"line":136,"column":null}},"67":{"start":{"line":138,"column":2},"end":{"line":138,"column":null}}},"fnMap":{"0":{"name":"hashPin","decl":{"start":{"line":9,"column":16},"end":{"line":9,"column":24}},"loc":{"start":{"line":9,"column":29},"end":{"line":16,"column":null}},"line":9},"1":{"name":"sha256Sync","decl":{"start":{"line":22,"column":9},"end":{"line":22,"column":20}},"loc":{"start":{"line":22,"column":27},"end":{"line":107,"column":null}},"line":22},"2":{"name":"rightRotate","decl":{"start":{"line":23,"column":11},"end":{"line":23,"column":23}},"loc":{"start":{"line":23,"column":38},"end":{"line":24,"column":null}},"line":23},"3":{"name":"generateSessionToken","decl":{"start":{"line":115,"column":16},"end":{"line":115,"column":37}},"loc":{"start":{"line":115,"column":43},"end":{"line":126,"column":null}},"line":115},"4":{"name":"getActiveToken","decl":{"start":{"line":133,"column":16},"end":{"line":133,"column":33}},"loc":{"start":{"line":133,"column":33},"end":{"line":138,"column":null}},"line":133}},"branchMap":{"0":{"loc":{"start":{"line":10,"column":2},"end":{"line":10,"column":null}},"type":"if","locations":[{"start":{"line":10,"column":2},"end":{"line":10,"column":null}},{"start":{},"end":{}}],"line":10},"1":{"loc":{"start":{"line":10,"column":6},"end":{"line":10,"column":55}},"type":"binary-expr","locations":[{"start":{"line":10,"column":6},"end":{"line":10,"column":22}},{"start":{"line":10,"column":22},"end":{"line":10,"column":43}},{"start":{"line":10,"column":43},"end":{"line":10,"column":55}}],"line":10},"2":{"loc":{"start":{"line":13,"column":2},"end":{"line":13,"column":null}},"type":"if","locations":[{"start":{"line":13,"column":2},"end":{"line":13,"column":null}},{"start":{},"end":{}}],"line":13},"3":{"loc":{"start":{"line":36,"column":29},"end":{"line":36,"column":47}},"type":"binary-expr","locations":[{"start":{"line":36,"column":29},"end":{"line":36,"column":45}},{"start":{"line":36,"column":45},"end":{"line":36,"column":47}}],"line":36},"4":{"loc":{"start":{"line":37,"column":26},"end":{"line":37,"column":44}},"type":"binary-expr","locations":[{"start":{"line":37,"column":26},"end":{"line":37,"column":42}},{"start":{"line":37,"column":42},"end":{"line":37,"column":44}}],"line":37},"5":{"loc":{"start":{"line":42,"column":4},"end":{"line":47,"column":null}},"type":"if","locations":[{"start":{"line":42,"column":4},"end":{"line":47,"column":null}},{"start":{},"end":{}}],"line":42},"6":{"loc":{"start":{"line":56,"column":4},"end":{"line":56,"column":null}},"type":"if","locations":[{"start":{"line":56,"column":4},"end":{"line":56,"column":null}},{"start":{},"end":{}}],"line":56},"7":{"loc":{"start":{"line":80,"column":10},"end":{"line":86,"column":null}},"type":"cond-expr","locations":[{"start":{"line":81,"column":14},"end":{"line":81,"column":null}},{"start":{"line":82,"column":15},"end":{"line":86,"column":null}}],"line":80},"8":{"loc":{"start":{"line":104,"column":17},"end":{"line":104,"column":38}},"type":"cond-expr","locations":[{"start":{"line":104,"column":26},"end":{"line":104,"column":32}},{"start":{"line":104,"column":32},"end":{"line":104,"column":38}}],"line":104},"9":{"loc":{"start":{"line":116,"column":2},"end":{"line":116,"column":null}},"type":"if","locations":[{"start":{"line":116,"column":2},"end":{"line":116,"column":null}},{"start":{},"end":{}}],"line":116},"10":{"loc":{"start":{"line":124,"column":17},"end":{"line":124,"column":93}},"type":"cond-expr","locations":[{"start":{"line":124,"column":46},"end":{"line":124,"column":55}},{"start":{"line":124,"column":58},"end":{"line":124,"column":93}}],"line":124},"11":{"loc":{"start":{"line":134,"column":2},"end":{"line":136,"column":null}},"type":"if","locations":[{"start":{"line":134,"column":2},"end":{"line":136,"column":null}},{"start":{},"end":{}}],"line":134},"12":{"loc":{"start":{"line":136,"column":4},"end":{"line":136,"column":null}},"type":"if","locations":[{"start":{"line":136,"column":4},"end":{"line":136,"column":null}},{"start":{},"end":{}}],"line":136}},"s":{"0":20,"1":13,"2":3,"3":10,"4":10,"5":1,"6":9,"7":9,"8":6336,"9":9,"10":9,"11":9,"12":9,"13":9,"14":9,"15":9,"16":9,"17":9,"18":9,"19":9,"20":9,"21":600,"22":128,"23":1278,"24":128,"25":128,"26":9,"27":9,"28":251,"29":9,"30":632,"31":632,"32":0,"33":632,"34":9,"35":9,"36":9,"37":11,"38":11,"39":11,"40":11,"41":704,"42":704,"43":704,"44":704,"45":704,"46":704,"47":704,"48":704,"49":11,"50":88,"51":9,"52":72,"53":288,"54":288,"55":9,"56":3,"57":1,"58":2,"59":2,"60":2,"61":3,"62":3,"63":7,"64":7,"65":7,"66":0,"67":7},"f":{"0":13,"1":9,"2":6336,"3":3,"4":7},"b":{"0":[3,10],"1":[13,12,11],"2":[1,9],"3":[9,2],"4":[9,2],"5":[128,472],"6":[0,632],"7":[176,528],"8":[13,275],"9":[1,2],"10":[2,0],"11":[7,0],"12":[0,7]},"meta":{"lastBranch":13,"lastFunction":5,"lastStatement":68,"seen":{"s:1:13:1:Infinity":0,"f:9:16:9:24":0,"b:10:2:10:Infinity:undefined:undefined:undefined:undefined":0,"s:10:2:10:Infinity":1,"b:10:6:10:22:10:22:10:43:10:43:10:55":1,"s:10:55:10:Infinity":2,"s:11:14:11:32":3,"b:13:2:13:Infinity:undefined:undefined:undefined:undefined":2,"s:13:2:13:Infinity":4,"s:13:35:13:Infinity":5,"s:15:15:15:Infinity":6,"s:16:2:16:Infinity":7,"f:22:9:22:20":1,"f:23:11:23:23":2,"s:24:4:24:Infinity":8,"s:27:18:27:Infinity":9,"s:28:18:28:32":10,"s:29:25:29:Infinity":11,"s:31:15:31:Infinity":12,"s:33:16:33:18":13,"s:34:22:34:Infinity":14,"s:36:14:36:47":15,"b:36:29:36:45:36:45:36:47":3,"s:37:11:37:44":16,"b:37:26:37:42:37:42:37:44":4,"s:38:21:38:Infinity":17,"s:40:22:40:24":18,"s:41:2:47:Infinity":19,"s:41:23:41:26":20,"b:42:4:47:Infinity:undefined:undefined:undefined:undefined":5,"s:42:4:47:Infinity":21,"s:43:6:44:Infinity":22,"s:44:8:44:Infinity":23,"s:46:6:46:Infinity":24,"s:47:6:47:Infinity":25,"s:51:2:51:Infinity":26,"s:52:2:52:Infinity":27,"s:52:44:52:Infinity":28,"s:54:2:57:Infinity":29,"s:55:4:55:Infinity":30,"b:56:4:56:Infinity:undefined:undefined:undefined:undefined":6,"s:56:4:56:Infinity":31,"s:56:16:56:Infinity":32,"s:57:4:57:Infinity":33,"s:60:2:60:Infinity":34,"s:61:2:61:Infinity":35,"s:63:2:97:Infinity":36,"s:64:14:64:39":37,"s:65:20:65:Infinity":38,"s:67:4:67:Infinity":39,"s:69:4:93:Infinity":40,"s:70:18:70:Infinity":41,"s:71:13:71:Infinity":42,"s:72:16:72:Infinity":43,"s:73:12:73:Infinity":44,"s:75:8:86:Infinity":45,"b:81:14:81:Infinity:82:15:86:Infinity":7,"s:88:12:90:Infinity":46,"s:92:6:92:Infinity":47,"s:93:6:93:Infinity":48,"s:96:4:97:Infinity":49,"s:97:6:97:Infinity":50,"s:101:2:104:Infinity":51,"s:102:4:104:Infinity":52,"s:103:17:103:Infinity":53,"s:104:6:104:Infinity":54,"b:104:26:104:32:104:32:104:38":8,"s:107:2:107:Infinity":55,"f:115:16:115:37":3,"b:116:2:116:Infinity:undefined:undefined:undefined:undefined":9,"s:116:2:116:Infinity":56,"s:116:13:116:Infinity":57,"s:117:18:122:Infinity":58,"s:123:14:123:37":59,"s:124:17:124:93":60,"b:124:46:124:55:124:58:124:93":10,"s:125:20:125:32":61,"s:126:2:126:Infinity":62,"f:133:16:133:33":4,"b:134:2:136:Infinity:undefined:undefined:undefined:undefined":11,"s:134:2:136:Infinity":63,"s:135:18:135:58":64,"b:136:4:136:Infinity:undefined:undefined:undefined:undefined":12,"s:136:4:136:Infinity":65,"s:136:15:136:Infinity":66,"s:138:2:138:Infinity":67},"fnNames":{}}}
,"D:\\Sistemas\\SGI_NIZAMOTORS\\src\\utils\\whatsapp.js": {"path":"D:\\Sistemas\\SGI_NIZAMOTORS\\src\\utils\\whatsapp.js","statementMap":{"0":{"start":{"line":12,"column":10},"end":{"line":12,"column":49}},"1":{"start":{"line":15,"column":2},"end":{"line":16,"column":null}},"2":{"start":{"line":15,"column":26},"end":{"line":15,"column":null}},"3":{"start":{"line":16,"column":7},"end":{"line":16,"column":null}},"4":{"start":{"line":16,"column":30},"end":{"line":16,"column":null}},"5":{"start":{"line":18,"column":2},"end":{"line":18,"column":null}},"6":{"start":{"line":27,"column":12},"end":{"line":27,"column":41}},"7":{"start":{"line":30,"column":2},"end":{"line":30,"column":null}},"8":{"start":{"line":30,"column":27},"end":{"line":30,"column":null}},"9":{"start":{"line":33,"column":2},"end":{"line":33,"column":null}},"10":{"start":{"line":33,"column":26},"end":{"line":33,"column":null}},"11":{"start":{"line":35,"column":2},"end":{"line":35,"column":null}},"12":{"start":{"line":44,"column":14},"end":{"line":44,"column":null}},"13":{"start":{"line":45,"column":2},"end":{"line":45,"column":null}}},"fnMap":{"0":{"name":"normalizarNumeroWhatsApp","decl":{"start":{"line":11,"column":16},"end":{"line":11,"column":41}},"loc":{"start":{"line":11,"column":46},"end":{"line":18,"column":null}},"line":11},"1":{"name":"validarNumeroWhatsApp","decl":{"start":{"line":26,"column":16},"end":{"line":26,"column":38}},"loc":{"start":{"line":26,"column":43},"end":{"line":35,"column":null}},"line":26},"2":{"name":"abrirWhatsApp","decl":{"start":{"line":43,"column":16},"end":{"line":43,"column":30}},"loc":{"start":{"line":43,"column":60},"end":{"line":45,"column":null}},"line":43}},"branchMap":{"0":{"loc":{"start":{"line":12,"column":17},"end":{"line":12,"column":27}},"type":"binary-expr","locations":[{"start":{"line":12,"column":17},"end":{"line":12,"column":24}},{"start":{"line":12,"column":24},"end":{"line":12,"column":27}}],"line":12},"1":{"loc":{"start":{"line":15,"column":2},"end":{"line":16,"column":null}},"type":"if","locations":[{"start":{"line":15,"column":2},"end":{"line":16,"column":null}},{"start":{"line":16,"column":7},"end":{"line":16,"column":null}}],"line":15},"2":{"loc":{"start":{"line":16,"column":7},"end":{"line":16,"column":null}},"type":"if","locations":[{"start":{"line":16,"column":7},"end":{"line":16,"column":null}},{"start":{},"end":{}}],"line":16},"3":{"loc":{"start":{"line":30,"column":2},"end":{"line":30,"column":null}},"type":"if","locations":[{"start":{"line":30,"column":2},"end":{"line":30,"column":null}},{"start":{},"end":{}}],"line":30},"4":{"loc":{"start":{"line":33,"column":2},"end":{"line":33,"column":null}},"type":"if","locations":[{"start":{"line":33,"column":2},"end":{"line":33,"column":null}},{"start":{},"end":{}}],"line":33}},"s":{"0":15,"1":15,"2":1,"3":14,"4":2,"5":15,"6":8,"7":8,"8":2,"9":6,"10":2,"11":4,"12":1,"13":1},"f":{"0":15,"1":8,"2":1},"b":{"0":[15,3],"1":[1,14],"2":[2,12],"3":[2,6],"4":[2,4]},"meta":{"lastBranch":5,"lastFunction":3,"lastStatement":14,"seen":{"f:11:16:11:41":0,"s:12:10:12:49":0,"b:12:17:12:24:12:24:12:27":0,"b:15:2:16:Infinity:16:7:16:Infinity":1,"s:15:2:16:Infinity":1,"s:15:26:15:Infinity":2,"b:16:7:16:Infinity:undefined:undefined:undefined:undefined":2,"s:16:7:16:Infinity":3,"s:16:30:16:Infinity":4,"s:18:2:18:Infinity":5,"f:26:16:26:38":1,"s:27:12:27:41":6,"b:30:2:30:Infinity:undefined:undefined:undefined:undefined":3,"s:30:2:30:Infinity":7,"s:30:27:30:Infinity":8,"b:33:2:33:Infinity:undefined:undefined:undefined:undefined":4,"s:33:2:33:Infinity":9,"s:33:26:33:Infinity":10,"s:35:2:35:Infinity":11,"f:43:16:43:30":2,"s:44:14:44:Infinity":12,"s:45:2:45:Infinity":13},"fnNames":{}}}
}
