{"D:\\Sistemas\\SGI\\src\\components\\Pagination.jsx": {"path":"D:\\Sistemas\\SGI\\src\\components\\Pagination.jsx","statementMap":{"0":{"start":{"line":4,"column":13},"end":{"line":4,"column":38}},"1":{"start":{"line":6,"column":2},"end":{"line":6,"column":null}},"2":{"start":{"line":6,"column":42},"end":{"line":6,"column":null}},"3":{"start":{"line":8,"column":20},"end":{"line":8,"column":null}},"4":{"start":{"line":9,"column":19},"end":{"line":9,"column":null}},"5":{"start":{"line":10,"column":15},"end":{"line":10,"column":62}},"6":{"start":{"line":12,"column":20},"end":{"line":12,"column":null}},"7":{"start":{"line":13,"column":18},"end":{"line":13,"column":null}},"8":{"start":{"line":15,"column":2},"end":{"line":79,"column":null}},"9":{"start":{"line":20,"column":23},"end":{"line":20,"column":35}},"10":{"start":{"line":34,"column":23},"end":{"line":34,"column":59}},"11":{"start":{"line":34,"column":40},"end":{"line":34,"column":58}},"12":{"start":{"line":56,"column":23},"end":{"line":56,"column":70}},"13":{"start":{"line":56,"column":40},"end":{"line":56,"column":69}},"14":{"start":{"line":70,"column":23},"end":{"line":70,"column":46}}},"fnMap":{"0":{"name":"Pagination","decl":{"start":{"line":3,"column":24},"end":{"line":3,"column":35}},"loc":{"start":{"line":3,"column":88},"end":{"line":79,"column":null}},"line":3},"1":{"name":"(anonymous_1)","decl":{"start":{"line":20,"column":8},"end":{"line":20,"column":23}},"loc":{"start":{"line":20,"column":23},"end":{"line":20,"column":35}},"line":20},"2":{"name":"(anonymous_2)","decl":{"start":{"line":34,"column":8},"end":{"line":34,"column":23}},"loc":{"start":{"line":34,"column":23},"end":{"line":34,"column":59}},"line":34},"3":{"name":"(anonymous_3)","decl":{"start":{"line":34,"column":23},"end":{"line":34,"column":34}},"loc":{"start":{"line":34,"column":40},"end":{"line":34,"column":58}},"line":34},"4":{"name":"(anonymous_4)","decl":{"start":{"line":56,"column":8},"end":{"line":56,"column":23}},"loc":{"start":{"line":56,"column":23},"end":{"line":56,"column":70}},"line":56},"5":{"name":"(anonymous_5)","decl":{"start":{"line":56,"column":23},"end":{"line":56,"column":34}},"loc":{"start":{"line":56,"column":40},"end":{"line":56,"column":69}},"line":56},"6":{"name":"(anonymous_6)","decl":{"start":{"line":70,"column":8},"end":{"line":70,"column":23}},"loc":{"start":{"line":70,"column":23},"end":{"line":70,"column":46}},"line":70}},"branchMap":{"0":{"loc":{"start":{"line":3,"column":70},"end":{"line":3,"column":88}},"type":"default-arg","locations":[{"start":{"line":3,"column":82},"end":{"line":3,"column":88}}],"line":3},"1":{"loc":{"start":{"line":6,"column":2},"end":{"line":6,"column":null}},"type":"if","locations":[{"start":{"line":6,"column":2},"end":{"line":6,"column":null}},{"start":{},"end":{}}],"line":6},"2":{"loc":{"start":{"line":6,"column":6},"end":{"line":6,"column":42}},"type":"binary-expr","locations":[{"start":{"line":6,"column":6},"end":{"line":6,"column":23}},{"start":{"line":6,"column":23},"end":{"line":6,"column":42}}],"line":6},"3":{"loc":{"start":{"line":10,"column":15},"end":{"line":10,"column":62}},"type":"binary-expr","locations":[{"start":{"line":10,"column":15},"end":{"line":10,"column":32}},{"start":{"line":10,"column":32},"end":{"line":10,"column":62}}],"line":10},"4":{"loc":{"start":{"line":12,"column":20},"end":{"line":12,"column":null}},"type":"cond-expr","locations":[{"start":{"line":12,"column":27},"end":{"line":12,"column":36}},{"start":{"line":12,"column":36},"end":{"line":12,"column":null}}],"line":12},"5":{"loc":{"start":{"line":13,"column":18},"end":{"line":13,"column":null}},"type":"cond-expr","locations":[{"start":{"line":13,"column":25},"end":{"line":13,"column":32}},{"start":{"line":13,"column":32},"end":{"line":13,"column":null}}],"line":13}},"s":{"0":6,"1":6,"2":2,"3":4,"4":4,"5":4,"6":6,"7":6,"8":6,"9":1,"10":0,"11":0,"12":1,"13":0,"14":1},"f":{"0":6,"1":1,"2":0,"3":0,"4":1,"5":0,"6":1},"b":{"0":[6],"1":[2,4],"2":[6,5],"3":[4,4],"4":[0,4],"5":[0,4]},"meta":{"lastBranch":6,"lastFunction":7,"lastStatement":15,"seen":{"f:3:24:3:35":0,"b:3:82:3:88":0,"s:4:13:4:38":0,"b:6:2:6:Infinity:undefined:undefined:undefined:undefined":1,"s:6:2:6:Infinity":1,"b:6:6:6:23:6:23:6:42":2,"s:6:42:6:Infinity":2,"s:8:20:8:Infinity":3,"s:9:19:9:Infinity":4,"s:10:15:10:62":5,"b:10:15:10:32:10:32:10:62":3,"s:12:20:12:Infinity":6,"b:12:27:12:36:12:36:12:Infinity":4,"s:13:18:13:Infinity":7,"b:13:25:13:32:13:32:13:Infinity":5,"s:15:2:79:Infinity":8,"f:20:8:20:23":1,"s:20:23:20:35":9,"f:34:8:34:23":2,"s:34:23:34:59":10,"f:34:23:34:34":3,"s:34:40:34:58":11,"f:56:8:56:23":4,"s:56:23:56:70":12,"f:56:23:56:34":5,"s:56:40:56:69":13,"f:70:8:70:23":6,"s:70:23:70:46":14},"fnNames":{}}}
,"D:\\Sistemas\\SGI\\src\\config\\endpoints.js": {"path":"D:\\Sistemas\\SGI\\src\\config\\endpoints.js","statementMap":{"0":{"start":{"line":6,"column":25},"end":{"line":15,"column":null}}},"fnMap":{},"branchMap":{"0":{"loc":{"start":{"line":8,"column":21},"end":{"line":8,"column":null}},"type":"binary-expr","locations":[{"start":{"line":8,"column":21},"end":{"line":8,"column":60}},{"start":{"line":8,"column":60},"end":{"line":8,"column":null}}],"line":8},"1":{"loc":{"start":{"line":11,"column":18},"end":{"line":11,"column":null}},"type":"binary-expr","locations":[{"start":{"line":11,"column":18},"end":{"line":11,"column":60}},{"start":{"line":11,"column":60},"end":{"line":11,"column":null}}],"line":11}},"s":{"0":1},"f":{},"b":{"0":[1,0],"1":[1,0]},"meta":{"lastBranch":2,"lastFunction":0,"lastStatement":1,"seen":{"s:6:25:15:Infinity":0,"b:8:21:8:60:8:60:8:Infinity":0,"b:11:18:11:60:11:60:11:Infinity":1},"fnNames":{}}}
,"D:\\Sistemas\\SGI\\src\\services\\api.js": {"path":"D:\\Sistemas\\SGI\\src\\services\\api.js","statementMap":{"0":{"start":{"line":4,"column":16},"end":{"line":4,"column":null}},"1":{"start":{"line":7,"column":8},"end":{"line":7,"column":32}},"2":{"start":{"line":8,"column":18},"end":{"line":8,"column":56}},"3":{"start":{"line":9,"column":2},"end":{"line":10,"column":null}},"4":{"start":{"line":10,"column":4},"end":{"line":10,"column":null}},"5":{"start":{"line":12,"column":2},"end":{"line":12,"column":null}},"6":{"start":{"line":22,"column":19},"end":{"line":24,"column":4}},"7":{"start":{"line":25,"column":2},"end":{"line":26,"column":null}},"8":{"start":{"line":26,"column":4},"end":{"line":26,"column":null}},"9":{"start":{"line":29,"column":17},"end":{"line":29,"column":38}},"10":{"start":{"line":30,"column":2},"end":{"line":31,"column":null}},"11":{"start":{"line":31,"column":4},"end":{"line":31,"column":null}},"12":{"start":{"line":34,"column":2},"end":{"line":34,"column":null}},"13":{"start":{"line":46,"column":15},"end":{"line":50,"column":null}},"14":{"start":{"line":52,"column":19},"end":{"line":56,"column":4}},"15":{"start":{"line":59,"column":23},"end":{"line":59,"column":60}},"16":{"start":{"line":59,"column":57},"end":{"line":59,"column":60}},"17":{"start":{"line":60,"column":2},"end":{"line":63,"column":null}},"18":{"start":{"line":61,"column":4},"end":{"line":61,"column":null}},"19":{"start":{"line":63,"column":4},"end":{"line":63,"column":null}},"20":{"start":{"line":66,"column":2},"end":{"line":68,"column":null}},"21":{"start":{"line":67,"column":21},"end":{"line":67,"column":null}},"22":{"start":{"line":68,"column":4},"end":{"line":68,"column":null}},"23":{"start":{"line":71,"column":2},"end":{"line":72,"column":null}},"24":{"start":{"line":72,"column":4},"end":{"line":72,"column":null}},"25":{"start":{"line":75,"column":2},"end":{"line":75,"column":null}}},"fnMap":{"0":{"name":"getAuthHeaders","decl":{"start":{"line":6,"column":9},"end":{"line":6,"column":26}},"loc":{"start":{"line":6,"column":26},"end":{"line":12,"column":null}},"line":6},"1":{"name":"fetchSheet","decl":{"start":{"line":21,"column":22},"end":{"line":21,"column":33}},"loc":{"start":{"line":21,"column":44},"end":{"line":34,"column":null}},"line":21},"2":{"name":"postAction","decl":{"start":{"line":45,"column":22},"end":{"line":45,"column":33}},"loc":{"start":{"line":45,"column":63},"end":{"line":75,"column":null}},"line":45},"3":{"name":"(anonymous_3)","decl":{"start":{"line":59,"column":45},"end":{"line":59,"column":57}},"loc":{"start":{"line":59,"column":57},"end":{"line":59,"column":60}},"line":59}},"branchMap":{"0":{"loc":{"start":{"line":9,"column":2},"end":{"line":10,"column":null}},"type":"if","locations":[{"start":{"line":9,"column":2},"end":{"line":10,"column":null}},{"start":{},"end":{}}],"line":9},"1":{"loc":{"start":{"line":25,"column":2},"end":{"line":26,"column":null}},"type":"if","locations":[{"start":{"line":25,"column":2},"end":{"line":26,"column":null}},{"start":{},"end":{}}],"line":25},"2":{"loc":{"start":{"line":30,"column":2},"end":{"line":31,"column":null}},"type":"if","locations":[{"start":{"line":30,"column":2},"end":{"line":31,"column":null}},{"start":{},"end":{}}],"line":30},"3":{"loc":{"start":{"line":34,"column":9},"end":{"line":34,"column":26}},"type":"binary-expr","locations":[{"start":{"line":34,"column":9},"end":{"line":34,"column":24}},{"start":{"line":34,"column":24},"end":{"line":34,"column":26}}],"line":34},"4":{"loc":{"start":{"line":45,"column":52},"end":{"line":45,"column":61}},"type":"default-arg","locations":[{"start":{"line":45,"column":59},"end":{"line":45,"column":61}}],"line":45},"5":{"loc":{"start":{"line":66,"column":2},"end":{"line":68,"column":null}},"type":"if","locations":[{"start":{"line":66,"column":2},"end":{"line":68,"column":null}},{"start":{},"end":{}}],"line":66},"6":{"loc":{"start":{"line":67,"column":21},"end":{"line":67,"column":null}},"type":"binary-expr","locations":[{"start":{"line":67,"column":21},"end":{"line":67,"column":39}},{"start":{"line":67,"column":39},"end":{"line":67,"column":null}}],"line":67},"7":{"loc":{"start":{"line":71,"column":2},"end":{"line":72,"column":null}},"type":"if","locations":[{"start":{"line":71,"column":2},"end":{"line":72,"column":null}},{"start":{},"end":{}}],"line":71},"8":{"loc":{"start":{"line":72,"column":20},"end":{"line":72,"column":72}},"type":"binary-expr","locations":[{"start":{"line":72,"column":20},"end":{"line":72,"column":38}},{"start":{"line":72,"column":38},"end":{"line":72,"column":72}}],"line":72},"9":{"loc":{"start":{"line":75,"column":9},"end":{"line":75,"column":null}},"type":"binary-expr","locations":[{"start":{"line":75,"column":9},"end":{"line":75,"column":24}},{"start":{"line":75,"column":24},"end":{"line":75,"column":null}}],"line":75}},"s":{"0":1,"1":5,"2":5,"3":5,"4":0,"5":5,"6":3,"7":3,"8":1,"9":2,"10":2,"11":1,"12":1,"13":2,"14":2,"15":2,"16":0,"17":2,"18":2,"19":0,"20":2,"21":1,"22":1,"23":1,"24":0,"25":1},"f":{"0":5,"1":3,"2":2,"3":0},"b":{"0":[0,5],"1":[1,2],"2":[1,1],"3":[1,0],"4":[2],"5":[1,1],"6":[1,0],"7":[0,1],"8":[0,0],"9":[1,0]},"meta":{"lastBranch":10,"lastFunction":4,"lastStatement":26,"seen":{"s:4:16:4:Infinity":0,"f:6:9:6:26":0,"s:7:8:7:32":1,"s:8:18:8:56":2,"b:9:2:10:Infinity:undefined:undefined:undefined:undefined":0,"s:9:2:10:Infinity":3,"s:10:4:10:Infinity":4,"s:12:2:12:Infinity":5,"f:21:22:21:33":1,"s:22:19:24:4":6,"b:25:2:26:Infinity:undefined:undefined:undefined:undefined":1,"s:25:2:26:Infinity":7,"s:26:4:26:Infinity":8,"s:29:17:29:38":9,"b:30:2:31:Infinity:undefined:undefined:undefined:undefined":2,"s:30:2:31:Infinity":10,"s:31:4:31:Infinity":11,"s:34:2:34:Infinity":12,"b:34:9:34:24:34:24:34:26":3,"f:45:22:45:33":2,"b:45:59:45:61":4,"s:46:15:50:Infinity":13,"s:52:19:56:4":14,"s:59:23:59:60":15,"f:59:45:59:57":3,"s:59:57:59:60":16,"s:60:2:63:Infinity":17,"s:61:4:61:Infinity":18,"s:63:4:63:Infinity":19,"b:66:2:68:Infinity:undefined:undefined:undefined:undefined":5,"s:66:2:68:Infinity":20,"s:67:21:67:Infinity":21,"b:67:21:67:39:67:39:67:Infinity":6,"s:68:4:68:Infinity":22,"b:71:2:72:Infinity:undefined:undefined:undefined:undefined":7,"s:71:2:72:Infinity":23,"s:72:4:72:Infinity":24,"b:72:20:72:38:72:38:72:72":8,"s:75:2:75:Infinity":25,"b:75:9:75:24:75:24:75:Infinity":9},"fnNames":{}}}
,"D:\\Sistemas\\SGI\\src\\utils\\dateFilter.js": {"path":"D:\\Sistemas\\SGI\\src\\utils\\dateFilter.js","statementMap":{"0":{"start":{"line":2,"column":2},"end":{"line":2,"column":null}},"1":{"start":{"line":2,"column":14},"end":{"line":2,"column":null}},"2":{"start":{"line":3,"column":2},"end":{"line":3,"column":null}},"3":{"start":{"line":7,"column":2},"end":{"line":13,"column":null}},"4":{"start":{"line":8,"column":21},"end":{"line":8,"column":49}},"5":{"start":{"line":9,"column":4},"end":{"line":9,"column":null}},"6":{"start":{"line":9,"column":19},"end":{"line":9,"column":null}},"7":{"start":{"line":10,"column":4},"end":{"line":10,"column":null}},"8":{"start":{"line":10,"column":45},"end":{"line":10,"column":null}},"9":{"start":{"line":11,"column":4},"end":{"line":11,"column":null}},"10":{"start":{"line":11,"column":45},"end":{"line":11,"column":null}},"11":{"start":{"line":12,"column":4},"end":{"line":12,"column":null}},"12":{"start":{"line":17,"column":16},"end":{"line":17,"column":26}},"13":{"start":{"line":18,"column":19},"end":{"line":18,"column":69}},"14":{"start":{"line":19,"column":8},"end":{"line":23,"column":null}},"15":{"start":{"line":20,"column":14},"end":{"line":20,"column":29}},"16":{"start":{"line":21,"column":14},"end":{"line":21,"column":55}},"17":{"start":{"line":22,"column":16},"end":{"line":22,"column":52}},"18":{"start":{"line":23,"column":4},"end":{"line":23,"column":null}},"19":{"start":{"line":25,"column":2},"end":{"line":25,"column":null}}},"fnMap":{"0":{"name":"getDateOnly","decl":{"start":{"line":1,"column":16},"end":{"line":1,"column":28}},"loc":{"start":{"line":1,"column":35},"end":{"line":3,"column":null}},"line":1},"1":{"name":"filterByDateRange","decl":{"start":{"line":6,"column":16},"end":{"line":6,"column":34}},"loc":{"start":{"line":6,"column":86},"end":{"line":13,"column":null}},"line":6},"2":{"name":"(anonymous_2)","decl":{"start":{"line":7,"column":15},"end":{"line":7,"column":23}},"loc":{"start":{"line":7,"column":32},"end":{"line":13,"column":null}},"line":7},"3":{"name":"getDefaultDateRange","decl":{"start":{"line":16,"column":16},"end":{"line":16,"column":38}},"loc":{"start":{"line":16,"column":38},"end":{"line":25,"column":null}},"line":16},"4":{"name":"(anonymous_4)","decl":{"start":{"line":19,"column":8},"end":{"line":19,"column":19}},"loc":{"start":{"line":19,"column":25},"end":{"line":23,"column":null}},"line":19}},"branchMap":{"0":{"loc":{"start":{"line":2,"column":2},"end":{"line":2,"column":null}},"type":"if","locations":[{"start":{"line":2,"column":2},"end":{"line":2,"column":null}},{"start":{},"end":{}}],"line":2},"1":{"loc":{"start":{"line":3,"column":9},"end":{"line":3,"column":null}},"type":"cond-expr","locations":[{"start":{"line":3,"column":31},"end":{"line":3,"column":53}},{"start":{"line":3,"column":53},"end":{"line":3,"column":null}}],"line":3},"2":{"loc":{"start":{"line":6,"column":65},"end":{"line":6,"column":86}},"type":"default-arg","locations":[{"start":{"line":6,"column":77},"end":{"line":6,"column":86}}],"line":6},"3":{"loc":{"start":{"line":9,"column":4},"end":{"line":9,"column":null}},"type":"if","locations":[{"start":{"line":9,"column":4},"end":{"line":9,"column":null}},{"start":{},"end":{}}],"line":9},"4":{"loc":{"start":{"line":10,"column":4},"end":{"line":10,"column":null}},"type":"if","locations":[{"start":{"line":10,"column":4},"end":{"line":10,"column":null}},{"start":{},"end":{}}],"line":10},"5":{"loc":{"start":{"line":10,"column":8},"end":{"line":10,"column":45}},"type":"binary-expr","locations":[{"start":{"line":10,"column":8},"end":{"line":10,"column":22}},{"start":{"line":10,"column":22},"end":{"line":10,"column":45}}],"line":10},"6":{"loc":{"start":{"line":11,"column":4},"end":{"line":11,"column":null}},"type":"if","locations":[{"start":{"line":11,"column":4},"end":{"line":11,"column":null}},{"start":{},"end":{}}],"line":11},"7":{"loc":{"start":{"line":11,"column":8},"end":{"line":11,"column":45}},"type":"binary-expr","locations":[{"start":{"line":11,"column":8},"end":{"line":11,"column":22}},{"start":{"line":11,"column":22},"end":{"line":11,"column":45}}],"line":11}},"s":{"0":11,"1":2,"2":9,"3":3,"4":7,"5":7,"6":0,"7":7,"8":0,"9":7,"10":1,"11":6,"12":1,"13":1,"14":1,"15":2,"16":2,"17":2,"18":2,"19":1},"f":{"0":11,"1":3,"2":7,"3":1,"4":2},"b":{"0":[2,9],"1":[8,1],"2":[3],"3":[0,7],"4":[0,7],"5":[7,4],"6":[1,6],"7":[7,4]},"meta":{"lastBranch":8,"lastFunction":5,"lastStatement":20,"seen":{"f:1:16:1:28":0,"b:2:2:2:Infinity:undefined:undefined:undefined:undefined":0,"s:2:2:2:Infinity":0,"s:2:14:2:Infinity":1,"s:3:2:3:Infinity":2,"b:3:31:3:53:3:53:3:Infinity":1,"f:6:16:6:34":1,"b:6:77:6:86":2,"s:7:2:13:Infinity":3,"f:7:15:7:23":2,"s:8:21:8:49":4,"b:9:4:9:Infinity:undefined:undefined:undefined:undefined":3,"s:9:4:9:Infinity":5,"s:9:19:9:Infinity":6,"b:10:4:10:Infinity:undefined:undefined:undefined:undefined":4,"s:10:4:10:Infinity":7,"b:10:8:10:22:10:22:10:45":5,"s:10:45:10:Infinity":8,"b:11:4:11:Infinity:undefined:undefined:undefined:undefined":6,"s:11:4:11:Infinity":9,"b:11:8:11:22:11:22:11:45":7,"s:11:45:11:Infinity":10,"s:12:4:12:Infinity":11,"f:16:16:16:38":3,"s:17:16:17:26":12,"s:18:19:18:69":13,"s:19:8:23:Infinity":14,"f:19:8:19:19":4,"s:20:14:20:29":15,"s:21:14:21:55":16,"s:22:16:22:52":17,"s:23:4:23:Infinity":18,"s:25:2:25:Infinity":19},"fnNames":{}}}
,"D:\\Sistemas\\SGI\\src\\utils\\pricing.js": {"path":"D:\\Sistemas\\SGI\\src\\utils\\pricing.js","statementMap":{"0":{"start":{"line":15,"column":24},"end":{"line":15,"column":null}},"1":{"start":{"line":16,"column":23},"end":{"line":16,"column":null}},"2":{"start":{"line":18,"column":2},"end":{"line":19,"column":null}},"3":{"start":{"line":19,"column":4},"end":{"line":19,"column":null}},"4":{"start":{"line":22,"column":17},"end":{"line":22,"column":82}},"5":{"start":{"line":23,"column":19},"end":{"line":23,"column":66}},"6":{"start":{"line":25,"column":2},"end":{"line":25,"column":null}}},"fnMap":{"0":{"name":"calculatePricing","decl":{"start":{"line":14,"column":16},"end":{"line":14,"column":33}},"loc":{"start":{"line":14,"column":56},"end":{"line":25,"column":null}},"line":14}},"branchMap":{"0":{"loc":{"start":{"line":15,"column":24},"end":{"line":15,"column":null}},"type":"binary-expr","locations":[{"start":{"line":15,"column":24},"end":{"line":15,"column":39}},{"start":{"line":15,"column":43},"end":{"line":15,"column":null}}],"line":15},"1":{"loc":{"start":{"line":16,"column":23},"end":{"line":16,"column":null}},"type":"binary-expr","locations":[{"start":{"line":16,"column":23},"end":{"line":16,"column":43}},{"start":{"line":16,"column":47},"end":{"line":16,"column":null}}],"line":16},"2":{"loc":{"start":{"line":18,"column":2},"end":{"line":19,"column":null}},"type":"if","locations":[{"start":{"line":18,"column":2},"end":{"line":19,"column":null}},{"start":{},"end":{}}],"line":18},"3":{"loc":{"start":{"line":18,"column":6},"end":{"line":18,"column":49}},"type":"binary-expr","locations":[{"start":{"line":18,"column":6},"end":{"line":18,"column":28}},{"start":{"line":18,"column":28},"end":{"line":18,"column":49}}],"line":18}},"s":{"0":7,"1":7,"2":7,"3":5,"4":2,"5":2,"6":2},"f":{"0":7},"b":{"0":[7,2],"1":[7,1],"2":[5,2],"3":[7,4]},"meta":{"lastBranch":4,"lastFunction":1,"lastStatement":7,"seen":{"f:14:16:14:33":0,"s:15:24:15:Infinity":0,"b:15:24:15:39:15:43:15:Infinity":0,"s:16:23:16:Infinity":1,"b:16:23:16:43:16:47:16:Infinity":1,"b:18:2:19:Infinity:undefined:undefined:undefined:undefined":2,"s:18:2:19:Infinity":2,"b:18:6:18:28:18:28:18:49":3,"s:19:4:19:Infinity":3,"s:22:17:22:82":4,"s:23:19:23:66":5,"s:25:2:25:Infinity":6},"fnNames":{}}}
,"D:\\Sistemas\\SGI\\src\\utils\\search.js": {"path":"D:\\Sistemas\\SGI\\src\\utils\\search.js","statementMap":{"0":{"start":{"line":6,"column":13},"end":{"line":12,"column":null}},"1":{"start":{"line":7,"column":2},"end":{"line":7,"column":null}},"2":{"start":{"line":7,"column":12},"end":{"line":7,"column":null}},"3":{"start":{"line":8,"column":2},"end":{"line":12,"column":null}},"4":{"start":{"line":23,"column":13},"end":{"line":34,"column":null}},"5":{"start":{"line":24,"column":2},"end":{"line":24,"column":null}},"6":{"start":{"line":24,"column":14},"end":{"line":24,"column":null}},"7":{"start":{"line":26,"column":26},"end":{"line":26,"column":48}},"8":{"start":{"line":27,"column":21},"end":{"line":27,"column":65}},"9":{"start":{"line":29,"column":2},"end":{"line":29,"column":null}},"10":{"start":{"line":29,"column":31},"end":{"line":29,"column":null}},"11":{"start":{"line":31,"column":28},"end":{"line":31,"column":66}},"12":{"start":{"line":34,"column":2},"end":{"line":34,"column":null}},"13":{"start":{"line":34,"column":36},"end":{"line":34,"column":68}}},"fnMap":{"0":{"name":"(anonymous_0)","decl":{"start":{"line":6,"column":13},"end":{"line":6,"column":32}},"loc":{"start":{"line":6,"column":40},"end":{"line":12,"column":null}},"line":6},"1":{"name":"(anonymous_1)","decl":{"start":{"line":23,"column":13},"end":{"line":23,"column":28}},"loc":{"start":{"line":23,"column":47},"end":{"line":34,"column":null}},"line":23},"2":{"name":"(anonymous_2)","decl":{"start":{"line":34,"column":20},"end":{"line":34,"column":27}},"loc":{"start":{"line":34,"column":36},"end":{"line":34,"column":68}},"line":34}},"branchMap":{"0":{"loc":{"start":{"line":7,"column":2},"end":{"line":7,"column":null}},"type":"if","locations":[{"start":{"line":7,"column":2},"end":{"line":7,"column":null}},{"start":{},"end":{}}],"line":7},"1":{"loc":{"start":{"line":24,"column":2},"end":{"line":24,"column":null}},"type":"if","locations":[{"start":{"line":24,"column":2},"end":{"line":24,"column":null}},{"start":{},"end":{}}],"line":24},"2":{"loc":{"start":{"line":29,"column":2},"end":{"line":29,"column":null}},"type":"if","locations":[{"start":{"line":29,"column":2},"end":{"line":29,"column":null}},{"start":{},"end":{}}],"line":29}},"s":{"0":1,"1":36,"2":3,"3":33,"4":1,"5":8,"6":1,"7":7,"8":7,"9":7,"10":1,"11":6,"12":6,"13":9},"f":{"0":36,"1":8,"2":9},"b":{"0":[3,33],"1":[1,7],"2":[1,6]},"meta":{"lastBranch":3,"lastFunction":3,"lastStatement":14,"seen":{"s:6:13:12:Infinity":0,"f:6:13:6:32":0,"b:7:2:7:Infinity:undefined:undefined:undefined:undefined":0,"s:7:2:7:Infinity":1,"s:7:12:7:Infinity":2,"s:8:2:12:Infinity":3,"s:23:13:34:Infinity":4,"f:23:13:23:28":1,"b:24:2:24:Infinity:undefined:undefined:undefined:undefined":1,"s:24:2:24:Infinity":5,"s:24:14:24:Infinity":6,"s:26:26:26:48":7,"s:27:21:27:65":8,"b:29:2:29:Infinity:undefined:undefined:undefined:undefined":2,"s:29:2:29:Infinity":9,"s:29:31:29:Infinity":10,"s:31:28:31:66":11,"s:34:2:34:Infinity":12,"f:34:20:34:27":2,"s:34:36:34:68":13},"fnNames":{}}}
,"D:\\Sistemas\\SGI\\src\\utils\\security.js": {"path":"D:\\Sistemas\\SGI\\src\\utils\\security.js","statementMap":{"0":{"start":{"line":1,"column":13},"end":{"line":1,"column":null}},"1":{"start":{"line":10,"column":2},"end":{"line":10,"column":null}},"2":{"start":{"line":10,"column":55},"end":{"line":10,"column":null}},"3":{"start":{"line":11,"column":14},"end":{"line":11,"column":32}},"4":{"start":{"line":13,"column":2},"end":{"line":13,"column":null}},"5":{"start":{"line":13,"column":35},"end":{"line":13,"column":null}},"6":{"start":{"line":15,"column":15},"end":{"line":15,"column":null}},"7":{"start":{"line":16,"column":2},"end":{"line":16,"column":null}},"8":{"start":{"line":24,"column":4},"end":{"line":24,"column":null}},"9":{"start":{"line":27,"column":18},"end":{"line":27,"column":null}},"10":{"start":{"line":28,"column":18},"end":{"line":28,"column":32}},"11":{"start":{"line":29,"column":25},"end":{"line":29,"column":null}},"12":{"start":{"line":31,"column":15},"end":{"line":31,"column":null}},"13":{"start":{"line":33,"column":16},"end":{"line":33,"column":18}},"14":{"start":{"line":34,"column":22},"end":{"line":34,"column":null}},"15":{"start":{"line":36,"column":14},"end":{"line":36,"column":47}},"16":{"start":{"line":37,"column":11},"end":{"line":37,"column":44}},"17":{"start":{"line":38,"column":21},"end":{"line":38,"column":null}},"18":{"start":{"line":40,"column":22},"end":{"line":40,"column":24}},"19":{"start":{"line":41,"column":2},"end":{"line":47,"column":null}},"20":{"start":{"line":41,"column":23},"end":{"line":41,"column":26}},"21":{"start":{"line":42,"column":4},"end":{"line":47,"column":null}},"22":{"start":{"line":43,"column":6},"end":{"line":44,"column":null}},"23":{"start":{"line":44,"column":8},"end":{"line":44,"column":null}},"24":{"start":{"line":46,"column":6},"end":{"line":46,"column":null}},"25":{"start":{"line":47,"column":6},"end":{"line":47,"column":null}},"26":{"start":{"line":51,"column":2},"end":{"line":51,"column":null}},"27":{"start":{"line":52,"column":2},"end":{"line":52,"column":null}},"28":{"start":{"line":52,"column":44},"end":{"line":52,"column":null}},"29":{"start":{"line":54,"column":2},"end":{"line":57,"column":null}},"30":{"start":{"line":55,"column":4},"end":{"line":55,"column":null}},"31":{"start":{"line":56,"column":4},"end":{"line":56,"column":null}},"32":{"start":{"line":56,"column":16},"end":{"line":56,"column":null}},"33":{"start":{"line":57,"column":4},"end":{"line":57,"column":null}},"34":{"start":{"line":60,"column":2},"end":{"line":60,"column":null}},"35":{"start":{"line":61,"column":2},"end":{"line":61,"column":null}},"36":{"start":{"line":63,"column":2},"end":{"line":97,"column":null}},"37":{"start":{"line":64,"column":14},"end":{"line":64,"column":39}},"38":{"start":{"line":65,"column":20},"end":{"line":65,"column":null}},"39":{"start":{"line":67,"column":4},"end":{"line":67,"column":null}},"40":{"start":{"line":69,"column":4},"end":{"line":93,"column":null}},"41":{"start":{"line":70,"column":18},"end":{"line":70,"column":null}},"42":{"start":{"line":71,"column":13},"end":{"line":71,"column":null}},"43":{"start":{"line":72,"column":16},"end":{"line":72,"column":null}},"44":{"start":{"line":73,"column":12},"end":{"line":73,"column":null}},"45":{"start":{"line":75,"column":8},"end":{"line":86,"column":null}},"46":{"start":{"line":88,"column":12},"end":{"line":90,"column":null}},"47":{"start":{"line":92,"column":6},"end":{"line":92,"column":null}},"48":{"start":{"line":93,"column":6},"end":{"line":93,"column":null}},"49":{"start":{"line":96,"column":4},"end":{"line":97,"column":null}},"50":{"start":{"line":97,"column":6},"end":{"line":97,"column":null}},"51":{"start":{"line":101,"column":2},"end":{"line":104,"column":null}},"52":{"start":{"line":102,"column":4},"end":{"line":104,"column":null}},"53":{"start":{"line":103,"column":17},"end":{"line":103,"column":null}},"54":{"start":{"line":104,"column":6},"end":{"line":104,"column":null}},"55":{"start":{"line":107,"column":2},"end":{"line":107,"column":null}},"56":{"start":{"line":116,"column":2},"end":{"line":116,"column":null}},"57":{"start":{"line":116,"column":13},"end":{"line":116,"column":null}},"58":{"start":{"line":117,"column":18},"end":{"line":122,"column":null}},"59":{"start":{"line":123,"column":14},"end":{"line":123,"column":37}},"60":{"start":{"line":124,"column":17},"end":{"line":124,"column":93}},"61":{"start":{"line":125,"column":20},"end":{"line":125,"column":32}},"62":{"start":{"line":126,"column":2},"end":{"line":126,"column":null}},"63":{"start":{"line":134,"column":2},"end":{"line":136,"column":null}},"64":{"start":{"line":135,"column":18},"end":{"line":135,"column":58}},"65":{"start":{"line":136,"column":4},"end":{"line":136,"column":null}},"66":{"start":{"line":136,"column":15},"end":{"line":136,"column":null}},"67":{"start":{"line":138,"column":2},"end":{"line":138,"column":null}}},"fnMap":{"0":{"name":"hashPin","decl":{"start":{"line":9,"column":16},"end":{"line":9,"column":24}},"loc":{"start":{"line":9,"column":29},"end":{"line":16,"column":null}},"line":9},"1":{"name":"sha256Sync","decl":{"start":{"line":22,"column":9},"end":{"line":22,"column":20}},"loc":{"start":{"line":22,"column":27},"end":{"line":107,"column":null}},"line":22},"2":{"name":"rightRotate","decl":{"start":{"line":23,"column":11},"end":{"line":23,"column":23}},"loc":{"start":{"line":23,"column":38},"end":{"line":24,"column":null}},"line":23},"3":{"name":"generateSessionToken","decl":{"start":{"line":115,"column":16},"end":{"line":115,"column":37}},"loc":{"start":{"line":115,"column":43},"end":{"line":126,"column":null}},"line":115},"4":{"name":"getActiveToken","decl":{"start":{"line":133,"column":16},"end":{"line":133,"column":33}},"loc":{"start":{"line":133,"column":33},"end":{"line":138,"column":null}},"line":133}},"branchMap":{"0":{"loc":{"start":{"line":10,"column":2},"end":{"line":10,"column":null}},"type":"if","locations":[{"start":{"line":10,"column":2},"end":{"line":10,"column":null}},{"start":{},"end":{}}],"line":10},"1":{"loc":{"start":{"line":10,"column":6},"end":{"line":10,"column":55}},"type":"binary-expr","locations":[{"start":{"line":10,"column":6},"end":{"line":10,"column":22}},{"start":{"line":10,"column":22},"end":{"line":10,"column":43}},{"start":{"line":10,"column":43},"end":{"line":10,"column":55}}],"line":10},"2":{"loc":{"start":{"line":13,"column":2},"end":{"line":13,"column":null}},"type":"if","locations":[{"start":{"line":13,"column":2},"end":{"line":13,"column":null}},{"start":{},"end":{}}],"line":13},"3":{"loc":{"start":{"line":36,"column":29},"end":{"line":36,"column":47}},"type":"binary-expr","locations":[{"start":{"line":36,"column":29},"end":{"line":36,"column":45}},{"start":{"line":36,"column":45},"end":{"line":36,"column":47}}],"line":36},"4":{"loc":{"start":{"line":37,"column":26},"end":{"line":37,"column":44}},"type":"binary-expr","locations":[{"start":{"line":37,"column":26},"end":{"line":37,"column":42}},{"start":{"line":37,"column":42},"end":{"line":37,"column":44}}],"line":37},"5":{"loc":{"start":{"line":42,"column":4},"end":{"line":47,"column":null}},"type":"if","locations":[{"start":{"line":42,"column":4},"end":{"line":47,"column":null}},{"start":{},"end":{}}],"line":42},"6":{"loc":{"start":{"line":56,"column":4},"end":{"line":56,"column":null}},"type":"if","locations":[{"start":{"line":56,"column":4},"end":{"line":56,"column":null}},{"start":{},"end":{}}],"line":56},"7":{"loc":{"start":{"line":80,"column":10},"end":{"line":86,"column":null}},"type":"cond-expr","locations":[{"start":{"line":81,"column":14},"end":{"line":81,"column":null}},{"start":{"line":82,"column":15},"end":{"line":86,"column":null}}],"line":80},"8":{"loc":{"start":{"line":104,"column":17},"end":{"line":104,"column":38}},"type":"cond-expr","locations":[{"start":{"line":104,"column":26},"end":{"line":104,"column":32}},{"start":{"line":104,"column":32},"end":{"line":104,"column":38}}],"line":104},"9":{"loc":{"start":{"line":116,"column":2},"end":{"line":116,"column":null}},"type":"if","locations":[{"start":{"line":116,"column":2},"end":{"line":116,"column":null}},{"start":{},"end":{}}],"line":116},"10":{"loc":{"start":{"line":124,"column":17},"end":{"line":124,"column":93}},"type":"cond-expr","locations":[{"start":{"line":124,"column":46},"end":{"line":124,"column":55}},{"start":{"line":124,"column":58},"end":{"line":124,"column":93}}],"line":124},"11":{"loc":{"start":{"line":134,"column":2},"end":{"line":136,"column":null}},"type":"if","locations":[{"start":{"line":134,"column":2},"end":{"line":136,"column":null}},{"start":{},"end":{}}],"line":134},"12":{"loc":{"start":{"line":136,"column":4},"end":{"line":136,"column":null}},"type":"if","locations":[{"start":{"line":136,"column":4},"end":{"line":136,"column":null}},{"start":{},"end":{}}],"line":136}},"s":{"0":2,"1":10,"2":3,"3":7,"4":7,"5":1,"6":6,"7":6,"8":4032,"9":6,"10":6,"11":6,"12":6,"13":6,"14":6,"15":6,"16":6,"17":6,"18":6,"19":6,"20":6,"21":300,"22":64,"23":639,"24":64,"25":64,"26":6,"27":6,"28":167,"29":6,"30":400,"31":400,"32":0,"33":400,"34":6,"35":6,"36":6,"37":7,"38":7,"39":7,"40":7,"41":448,"42":448,"43":448,"44":448,"45":448,"46":448,"47":448,"48":448,"49":7,"50":56,"51":6,"52":48,"53":192,"54":192,"55":6,"56":2,"57":1,"58":1,"59":1,"60":1,"61":2,"62":2,"63":5,"64":5,"65":5,"66":0,"67":5},"f":{"0":10,"1":6,"2":4032,"3":2,"4":5},"b":{"0":[3,7],"1":[10,9,8],"2":[1,6],"3":[6,1],"4":[6,1],"5":[64,236],"6":[0,400],"7":[112,336],"8":[8,184],"9":[1,1],"10":[1,0],"11":[5,0],"12":[0,5]},"meta":{"lastBranch":13,"lastFunction":5,"lastStatement":68,"seen":{"s:1:13:1:Infinity":0,"f:9:16:9:24":0,"b:10:2:10:Infinity:undefined:undefined:undefined:undefined":0,"s:10:2:10:Infinity":1,"b:10:6:10:22:10:22:10:43:10:43:10:55":1,"s:10:55:10:Infinity":2,"s:11:14:11:32":3,"b:13:2:13:Infinity:undefined:undefined:undefined:undefined":2,"s:13:2:13:Infinity":4,"s:13:35:13:Infinity":5,"s:15:15:15:Infinity":6,"s:16:2:16:Infinity":7,"f:22:9:22:20":1,"f:23:11:23:23":2,"s:24:4:24:Infinity":8,"s:27:18:27:Infinity":9,"s:28:18:28:32":10,"s:29:25:29:Infinity":11,"s:31:15:31:Infinity":12,"s:33:16:33:18":13,"s:34:22:34:Infinity":14,"s:36:14:36:47":15,"b:36:29:36:45:36:45:36:47":3,"s:37:11:37:44":16,"b:37:26:37:42:37:42:37:44":4,"s:38:21:38:Infinity":17,"s:40:22:40:24":18,"s:41:2:47:Infinity":19,"s:41:23:41:26":20,"b:42:4:47:Infinity:undefined:undefined:undefined:undefined":5,"s:42:4:47:Infinity":21,"s:43:6:44:Infinity":22,"s:44:8:44:Infinity":23,"s:46:6:46:Infinity":24,"s:47:6:47:Infinity":25,"s:51:2:51:Infinity":26,"s:52:2:52:Infinity":27,"s:52:44:52:Infinity":28,"s:54:2:57:Infinity":29,"s:55:4:55:Infinity":30,"b:56:4:56:Infinity:undefined:undefined:undefined:undefined":6,"s:56:4:56:Infinity":31,"s:56:16:56:Infinity":32,"s:57:4:57:Infinity":33,"s:60:2:60:Infinity":34,"s:61:2:61:Infinity":35,"s:63:2:97:Infinity":36,"s:64:14:64:39":37,"s:65:20:65:Infinity":38,"s:67:4:67:Infinity":39,"s:69:4:93:Infinity":40,"s:70:18:70:Infinity":41,"s:71:13:71:Infinity":42,"s:72:16:72:Infinity":43,"s:73:12:73:Infinity":44,"s:75:8:86:Infinity":45,"b:81:14:81:Infinity:82:15:86:Infinity":7,"s:88:12:90:Infinity":46,"s:92:6:92:Infinity":47,"s:93:6:93:Infinity":48,"s:96:4:97:Infinity":49,"s:97:6:97:Infinity":50,"s:101:2:104:Infinity":51,"s:102:4:104:Infinity":52,"s:103:17:103:Infinity":53,"s:104:6:104:Infinity":54,"b:104:26:104:32:104:32:104:38":8,"s:107:2:107:Infinity":55,"f:115:16:115:37":3,"b:116:2:116:Infinity:undefined:undefined:undefined:undefined":9,"s:116:2:116:Infinity":56,"s:116:13:116:Infinity":57,"s:117:18:122:Infinity":58,"s:123:14:123:37":59,"s:124:17:124:93":60,"b:124:46:124:55:124:58:124:93":10,"s:125:20:125:32":61,"s:126:2:126:Infinity":62,"f:133:16:133:33":4,"b:134:2:136:Infinity:undefined:undefined:undefined:undefined":11,"s:134:2:136:Infinity":63,"s:135:18:135:58":64,"b:136:4:136:Infinity:undefined:undefined:undefined:undefined":12,"s:136:4:136:Infinity":65,"s:136:15:136:Infinity":66,"s:138:2:138:Infinity":67},"fnNames":{}}}
}
